mode: set
github.com/movietracker/movie-tracker/internal/auth/hash.go:6.52,8.2 1 0
github.com/movietracker/movie-tracker/internal/auth/hash.go:11.59,13.2 1 0
github.com/movietracker/movie-tracker/internal/auth/token.go:36.79,38.2 1 1
github.com/movietracker/movie-tracker/internal/auth/token.go:41.80,43.2 1 1
github.com/movietracker/movie-tracker/internal/auth/token.go:45.99,57.16 4 1
github.com/movietracker/movie-tracker/internal/auth/token.go:57.16,59.3 1 0
github.com/movietracker/movie-tracker/internal/auth/token.go:60.2,60.20 1 1
github.com/movietracker/movie-tracker/internal/auth/token.go:64.72,66.2 1 1
github.com/movietracker/movie-tracker/internal/auth/token.go:69.73,71.2 1 1
github.com/movietracker/movie-tracker/internal/auth/token.go:73.91,75.16 2 1
github.com/movietracker/movie-tracker/internal/auth/token.go:75.16,77.3 1 1
github.com/movietracker/movie-tracker/internal/auth/token.go:78.2,78.34 1 1
github.com/movietracker/movie-tracker/internal/auth/token.go:78.34,80.3 1 1
github.com/movietracker/movie-tracker/internal/auth/token.go:81.2,81.20 1 1
github.com/movietracker/movie-tracker/internal/auth/token.go:84.66,85.87 1 1
github.com/movietracker/movie-tracker/internal/auth/token.go:85.87,86.54 1 1
github.com/movietracker/movie-tracker/internal/auth/token.go:86.54,88.4 1 0
github.com/movietracker/movie-tracker/internal/auth/token.go:89.3,89.21 1 1
github.com/movietracker/movie-tracker/internal/auth/token.go:91.2,91.30 1 1
github.com/movietracker/movie-tracker/internal/auth/token.go:91.30,93.3 1 1
github.com/movietracker/movie-tracker/internal/auth/token.go:94.2,95.9 2 1
github.com/movietracker/movie-tracker/internal/auth/token.go:95.9,97.3 1 0
github.com/movietracker/movie-tracker/internal/auth/token.go:98.2,98.20 1 1
github.com/movietracker/movie-tracker/internal/config/config.go:47.41,50.2 2 0
github.com/movietracker/movie-tracker/internal/config/config.go:53.29,59.2 1 1
github.com/movietracker/movie-tracker/internal/config/config.go:62.27,68.2 1 0
github.com/movietracker/movie-tracker/internal/config/config.go:87.28,89.16 2 1
github.com/movietracker/movie-tracker/internal/config/config.go:89.16,91.3 1 0
github.com/movietracker/movie-tracker/internal/config/config.go:92.2,93.51 2 1
github.com/movietracker/movie-tracker/internal/config/config.go:93.51,95.3 1 0
github.com/movietracker/movie-tracker/internal/config/config.go:96.2,96.48 1 1
github.com/movietracker/movie-tracker/internal/config/config.go:96.48,98.3 1 0
github.com/movietracker/movie-tracker/internal/config/config.go:99.2,99.18 1 1
github.com/movietracker/movie-tracker/internal/config/config.go:103.35,105.16 2 0
github.com/movietracker/movie-tracker/internal/config/config.go:105.16,107.3 1 0
github.com/movietracker/movie-tracker/internal/config/config.go:108.2,108.59 1 0
github.com/movietracker/movie-tracker/internal/config/config.go:111.50,113.16 2 1
github.com/movietracker/movie-tracker/internal/config/config.go:113.16,114.37 1 1
github.com/movietracker/movie-tracker/internal/config/config.go:114.37,116.4 1 1
github.com/movietracker/movie-tracker/internal/config/config.go:117.3,117.54 1 0
github.com/movietracker/movie-tracker/internal/config/config.go:120.2,121.51 2 1
github.com/movietracker/movie-tracker/internal/config/config.go:121.51,123.3 1 0
github.com/movietracker/movie-tracker/internal/config/config.go:124.2,125.17 2 1
github.com/movietracker/movie-tracker/internal/config/config.go:128.35,129.21 1 1
github.com/movietracker/movie-tracker/internal/config/config.go:129.21,131.3 1 0
github.com/movietracker/movie-tracker/internal/config/config.go:132.2,132.25 1 1
github.com/movietracker/movie-tracker/internal/config/config.go:132.25,134.3 1 0
github.com/movietracker/movie-tracker/internal/config/config.go:138.35,140.16 2 0
github.com/movietracker/movie-tracker/internal/config/config.go:140.16,142.3 1 0
github.com/movietracker/movie-tracker/internal/config/config.go:143.2,144.59 2 0
github.com/movietracker/movie-tracker/internal/config/config.go:148.33,150.16 2 0
github.com/movietracker/movie-tracker/internal/config/config.go:150.16,152.3 1 0
github.com/movietracker/movie-tracker/internal/config/config.go:153.2,153.57 1 0
github.com/movietracker/movie-tracker/internal/config/config.go:156.48,158.16 2 1
github.com/movietracker/movie-tracker/internal/config/config.go:158.16,159.37 1 0
github.com/movietracker/movie-tracker/internal/config/config.go:159.37,161.4 1 0
github.com/movietracker/movie-tracker/internal/config/config.go:162.3,162.52 1 0
github.com/movietracker/movie-tracker/internal/config/config.go:165.2,166.53 2 1
github.com/movietracker/movie-tracker/internal/config/config.go:166.53,168.3 1 0
github.com/movietracker/movie-tracker/internal/config/config.go:169.2,170.19 2 1
github.com/movietracker/movie-tracker/internal/config/config.go:173.35,174.27 1 1
github.com/movietracker/movie-tracker/internal/config/config.go:174.27,176.3 1 0
github.com/movietracker/movie-tracker/internal/config/config.go:177.2,177.24 1 1
github.com/movietracker/movie-tracker/internal/config/config.go:177.24,179.3 1 0
github.com/movietracker/movie-tracker/internal/config/config.go:180.2,180.22 1 1
github.com/movietracker/movie-tracker/internal/config/config.go:180.22,182.3 1 0
github.com/movietracker/movie-tracker/internal/config/config.go:186.35,188.16 2 0
github.com/movietracker/movie-tracker/internal/config/config.go:188.16,190.3 1 0
github.com/movietracker/movie-tracker/internal/config/config.go:191.2,192.60 2 0
github.com/movietracker/movie-tracker/internal/config/config.go:196.37,198.16 2 0
github.com/movietracker/movie-tracker/internal/config/config.go:198.16,200.3 1 0
github.com/movietracker/movie-tracker/internal/config/config.go:201.2,201.61 1 0
github.com/movietracker/movie-tracker/internal/config/config.go:204.52,206.16 2 1
github.com/movietracker/movie-tracker/internal/config/config.go:206.16,207.37 1 0
github.com/movietracker/movie-tracker/internal/config/config.go:207.37,209.4 1 0
github.com/movietracker/movie-tracker/internal/config/config.go:210.3,210.56 1 0
github.com/movietracker/movie-tracker/internal/config/config.go:213.2,214.52 2 1
github.com/movietracker/movie-tracker/internal/config/config.go:214.52,216.3 1 0
github.com/movietracker/movie-tracker/internal/config/config.go:217.2,217.18 1 1
github.com/movietracker/movie-tracker/internal/config/config.go:222.38,224.16 2 0
github.com/movietracker/movie-tracker/internal/config/config.go:224.16,226.3 1 0
github.com/movietracker/movie-tracker/internal/config/config.go:227.2,228.55 2 0
github.com/movietracker/movie-tracker/internal/config/config.go:228.55,229.76 1 0
github.com/movietracker/movie-tracker/internal/config/config.go:229.76,231.4 1 0
github.com/movietracker/movie-tracker/internal/config/config.go:232.3,232.13 1 0
github.com/movietracker/movie-tracker/internal/config/config.go:234.2,234.30 1 0
github.com/movietracker/movie-tracker/internal/config/config.go:238.27,240.16 2 0
github.com/movietracker/movie-tracker/internal/config/config.go:240.16,242.3 1 0
github.com/movietracker/movie-tracker/internal/config/config.go:243.2,244.75 2 0
github.com/movietracker/movie-tracker/internal/config/config.go:244.75,246.3 1 0
github.com/movietracker/movie-tracker/internal/config/config.go:247.2,247.12 1 0
github.com/movietracker/movie-tracker/internal/config/config.go:251.59,253.16 2 0
github.com/movietracker/movie-tracker/internal/config/config.go:253.16,255.3 1 0
github.com/movietracker/movie-tracker/internal/config/config.go:256.2,256.40 1 0
github.com/movietracker/movie-tracker/internal/config/config.go:256.40,258.3 1 0
github.com/movietracker/movie-tracker/internal/config/config.go:259.2,259.41 1 0
github.com/movietracker/movie-tracker/internal/config/config.go:259.41,261.3 1 0
github.com/movietracker/movie-tracker/internal/config/config.go:262.2,262.17 1 0
github.com/movietracker/movie-tracker/internal/config/config.go:265.42,267.16 2 1
github.com/movietracker/movie-tracker/internal/config/config.go:267.16,269.3 1 0
github.com/movietracker/movie-tracker/internal/config/config.go:270.2,270.59 1 1
github.com/movietracker/movie-tracker/internal/config/config.go:270.59,272.3 1 0
github.com/movietracker/movie-tracker/internal/config/config.go:273.2,273.12 1 1
github.com/movietracker/movie-tracker/internal/config/config.go:277.52,279.2 1 1
github.com/movietracker/movie-tracker/internal/config/config.go:282.52,283.50 1 1
github.com/movietracker/movie-tracker/internal/config/config.go:283.50,285.3 1 0
github.com/movietracker/movie-tracker/internal/config/config.go:286.2,287.59 2 1
github.com/movietracker/movie-tracker/internal/config/config.go:291.50,293.2 1 1
github.com/movietracker/movie-tracker/internal/config/config.go:296.52,297.50 1 1
github.com/movietracker/movie-tracker/internal/config/config.go:297.50,299.3 1 0
github.com/movietracker/movie-tracker/internal/config/config.go:300.2,301.60 2 1
github.com/movietracker/movie-tracker/internal/config/config.go:305.54,307.2 1 1
github.com/movietracker/movie-tracker/internal/config/config.go:310.55,311.50 1 1
github.com/movietracker/movie-tracker/internal/config/config.go:311.50,313.3 1 0
github.com/movietracker/movie-tracker/internal/config/config.go:314.2,315.55 2 1
github.com/movietracker/movie-tracker/internal/config/config.go:315.55,316.76 1 1
github.com/movietracker/movie-tracker/internal/config/config.go:316.76,318.4 1 0
github.com/movietracker/movie-tracker/internal/config/config.go:319.3,319.13 1 1
github.com/movietracker/movie-tracker/internal/config/config.go:321.2,321.30 1 1
github.com/movietracker/movie-tracker/internal/config/config.go:325.42,327.75 2 1
github.com/movietracker/movie-tracker/internal/config/config.go:327.75,329.3 1 0
github.com/movietracker/movie-tracker/internal/config/config.go:330.2,330.12 1 1
github.com/movietracker/movie-tracker/internal/config/migrate.go:13.48,15.16 2 1
github.com/movietracker/movie-tracker/internal/config/migrate.go:15.16,17.3 1 0
github.com/movietracker/movie-tracker/internal/config/migrate.go:18.2,19.54 2 1
github.com/movietracker/movie-tracker/internal/config/migrate.go:19.54,21.3 1 0
github.com/movietracker/movie-tracker/internal/config/migrate.go:23.2,24.58 2 1
github.com/movietracker/movie-tracker/internal/config/migrate.go:24.58,25.62 1 1
github.com/movietracker/movie-tracker/internal/config/migrate.go:25.62,27.4 1 0
github.com/movietracker/movie-tracker/internal/config/migrate.go:27.9,27.16 1 1
github.com/movietracker/movie-tracker/internal/config/migrate.go:27.16,28.56 1 1
github.com/movietracker/movie-tracker/internal/config/migrate.go:28.56,30.5 1 0
github.com/movietracker/movie-tracker/internal/config/migrate.go:34.2,35.59 2 1
github.com/movietracker/movie-tracker/internal/config/migrate.go:35.59,36.64 1 1
github.com/movietracker/movie-tracker/internal/config/migrate.go:36.64,38.4 1 0
github.com/movietracker/movie-tracker/internal/config/migrate.go:38.9,38.16 1 1
github.com/movietracker/movie-tracker/internal/config/migrate.go:38.16,39.58 1 0
github.com/movietracker/movie-tracker/internal/config/migrate.go:39.58,41.5 1 0
github.com/movietracker/movie-tracker/internal/config/migrate.go:45.2,46.56 2 1
github.com/movietracker/movie-tracker/internal/config/migrate.go:46.56,48.3 1 1
github.com/movietracker/movie-tracker/internal/config/migrate.go:49.2,49.12 1 1
github.com/movietracker/movie-tracker/internal/config/migrate.go:52.63,55.16 3 1
github.com/movietracker/movie-tracker/internal/config/migrate.go:55.16,56.25 1 0
github.com/movietracker/movie-tracker/internal/config/migrate.go:56.25,58.4 1 0
github.com/movietracker/movie-tracker/internal/config/migrate.go:59.3,59.68 1 0
github.com/movietracker/movie-tracker/internal/config/migrate.go:61.2,66.54 2 1
github.com/movietracker/movie-tracker/internal/config/migrate.go:66.54,68.3 1 0
github.com/movietracker/movie-tracker/internal/config/migrate.go:69.2,75.23 3 1
github.com/movietracker/movie-tracker/internal/config/migrate.go:78.65,81.16 3 1
github.com/movietracker/movie-tracker/internal/config/migrate.go:81.16,82.25 1 1
github.com/movietracker/movie-tracker/internal/config/migrate.go:82.25,84.4 1 1
github.com/movietracker/movie-tracker/internal/config/migrate.go:85.3,85.70 1 0
github.com/movietracker/movie-tracker/internal/config/migrate.go:87.2,88.54 2 0
github.com/movietracker/movie-tracker/internal/config/migrate.go:88.54,90.3 1 0
github.com/movietracker/movie-tracker/internal/config/migrate.go:91.2,91.26 1 0
github.com/movietracker/movie-tracker/internal/tui/messages/errors.go:11.36,12.16 1 1
github.com/movietracker/movie-tracker/internal/tui/messages/errors.go:12.16,14.3 1 1
github.com/movietracker/movie-tracker/internal/tui/messages/errors.go:16.2,16.9 1 1
github.com/movietracker/movie-tracker/internal/tui/messages/errors.go:17.50,18.29 1 1
github.com/movietracker/movie-tracker/internal/tui/messages/errors.go:19.55,20.46 1 1
github.com/movietracker/movie-tracker/internal/tui/messages/errors.go:21.49,22.36 1 0
github.com/movietracker/movie-tracker/internal/tui/messages/errors.go:23.55,24.35 1 1
github.com/movietracker/movie-tracker/internal/tui/messages/errors.go:25.55,26.34 1 1
github.com/movietracker/movie-tracker/internal/tui/messages/errors.go:27.49,28.45 1 1
github.com/movietracker/movie-tracker/internal/tui/messages/errors.go:29.46,30.34 1 1
github.com/movietracker/movie-tracker/internal/tui/messages/errors.go:31.44,32.70 1 1
github.com/movietracker/movie-tracker/internal/tui/messages/errors.go:33.39,34.39 1 1
github.com/movietracker/movie-tracker/internal/tui/messages/errors.go:35.50,36.36 1 0
github.com/movietracker/movie-tracker/internal/tui/messages/errors.go:37.50,38.31 1 1
github.com/movietracker/movie-tracker/internal/tui/messages/errors.go:39.47,40.28 1 1
github.com/movietracker/movie-tracker/internal/tui/messages/errors.go:43.2,44.9 2 1
github.com/movietracker/movie-tracker/internal/tui/messages/errors.go:45.48,46.28 1 1
github.com/movietracker/movie-tracker/internal/tui/messages/errors.go:47.46,48.26 1 0
github.com/movietracker/movie-tracker/internal/tui/messages/errors.go:49.46,50.53 1 1
github.com/movietracker/movie-tracker/internal/tui/messages/errors.go:51.51,52.31 1 0
github.com/movietracker/movie-tracker/internal/tui/messages/errors.go:53.59,54.65 1 0
github.com/movietracker/movie-tracker/internal/tui/messages/errors.go:55.59,56.36 1 0
github.com/movietracker/movie-tracker/internal/tui/messages/errors.go:57.57,58.28 1 0
github.com/movietracker/movie-tracker/internal/tui/messages/errors.go:61.2,61.48 1 0
github.com/movietracker/movie-tracker/internal/tui/messages/errors.go:64.38,66.9 2 1
github.com/movietracker/movie-tracker/internal/tui/messages/errors.go:67.50,68.37 1 1
github.com/movietracker/movie-tracker/internal/tui/messages/errors.go:69.52,70.43 1 1
github.com/movietracker/movie-tracker/internal/tui/messages/errors.go:71.56,72.49 1 0
github.com/movietracker/movie-tracker/internal/tui/messages/errors.go:73.53,74.36 1 0
github.com/movietracker/movie-tracker/internal/tui/messages/errors.go:75.47,76.27 1 0
github.com/movietracker/movie-tracker/internal/tui/messages/errors.go:77.56,78.65 1 0
github.com/movietracker/movie-tracker/internal/tui/messages/errors.go:79.62,80.55 1 0
github.com/movietracker/movie-tracker/internal/tui/messages/errors.go:81.10,82.31 1 0
github.com/movietracker/movie-tracker/internal/tui/messages/errors.go:86.41,88.53 2 1
github.com/movietracker/movie-tracker/internal/tui/messages/errors.go:88.53,90.3 1 1
github.com/movietracker/movie-tracker/internal/tui/messages/errors.go:91.2,91.60 1 0
github.com/movietracker/movie-tracker/internal/tui/messages/errors.go:91.60,93.3 1 0
github.com/movietracker/movie-tracker/internal/tui/messages/errors.go:94.2,94.25 1 0
github.com/movietracker/movie-tracker/internal/tui/messages/fr.go:353.52,354.16 1 1
github.com/movietracker/movie-tracker/internal/tui/messages/fr.go:355.33,356.15 1 0
github.com/movietracker/movie-tracker/internal/tui/messages/fr.go:357.35,358.19 1 0
github.com/movietracker/movie-tracker/internal/tui/messages/fr.go:359.31,360.18 1 0
github.com/movietracker/movie-tracker/internal/tui/messages/fr.go:361.33,362.21 1 0
github.com/movietracker/movie-tracker/internal/tui/messages/fr.go:363.10,364.16 1 1
github.com/movietracker/movie-tracker/internal/tui/messages/fr.go:369.46,370.14 1 1
github.com/movietracker/movie-tracker/internal/tui/messages/fr.go:371.28,372.16 1 0
github.com/movietracker/movie-tracker/internal/tui/messages/fr.go:373.30,374.16 1 0
github.com/movietracker/movie-tracker/internal/tui/messages/fr.go:375.10,376.17 1 1
github.com/movietracker/movie-tracker/internal/tui/messages/fr.go:381.44,382.13 1 0
github.com/movietracker/movie-tracker/internal/tui/messages/fr.go:382.13,384.3 1 0
github.com/movietracker/movie-tracker/internal/tui/messages/fr.go:385.2,385.27 1 0
github.com/movietracker/movie-tracker/internal/tui/messages/fr.go:389.40,391.2 1 0
github.com/movietracker/movie-tracker/internal/tui/messages/fr.go:394.51,396.2 1 0
github.com/movietracker/movie-tracker/internal/tui/backup.go:32.60,35.24 3 0
github.com/movietracker/movie-tracker/internal/tui/backup.go:35.24,41.3 4 0
github.com/movietracker/movie-tracker/internal/tui/backup.go:44.85,47.24 3 0
github.com/movietracker/movie-tracker/internal/tui/backup.go:47.24,53.3 4 0
github.com/movietracker/movie-tracker/internal/tui/backup.go:56.55,58.28 2 0
github.com/movietracker/movie-tracker/internal/tui/backup.go:58.28,60.3 1 0
github.com/movietracker/movie-tracker/internal/tui/backup.go:61.2,73.3 1 0
github.com/movietracker/movie-tracker/internal/tui/backup.go:76.62,84.33 6 0
github.com/movietracker/movie-tracker/internal/tui/backup.go:84.33,86.3 1 0
github.com/movietracker/movie-tracker/internal/tui/backup.go:87.2,87.31 1 0
github.com/movietracker/movie-tracker/internal/tui/backup.go:87.31,89.3 1 0
github.com/movietracker/movie-tracker/internal/tui/backup.go:90.2,90.37 1 0
github.com/movietracker/movie-tracker/internal/tui/backup.go:90.37,91.85 1 0
github.com/movietracker/movie-tracker/internal/tui/backup.go:91.85,93.4 1 0
github.com/movietracker/movie-tracker/internal/tui/backup.go:97.57,98.35 1 0
github.com/movietracker/movie-tracker/internal/tui/backup.go:99.114,100.35 1 0
github.com/movietracker/movie-tracker/internal/tui/backup.go:101.10,102.31 1 0
github.com/movietracker/movie-tracker/internal/tui/backup.go:106.53,107.33 1 0
github.com/movietracker/movie-tracker/internal/tui/backup.go:108.52,109.33 1 0
github.com/movietracker/movie-tracker/internal/tui/backup.go:110.10,111.31 1 0
github.com/movietracker/movie-tracker/internal/tui/backup.go:115.77,117.20 2 0
github.com/movietracker/movie-tracker/internal/tui/backup.go:117.20,120.3 2 0
github.com/movietracker/movie-tracker/internal/tui/backup.go:122.2,122.20 1 0
github.com/movietracker/movie-tracker/internal/tui/backup.go:123.16,125.26 2 0
github.com/movietracker/movie-tracker/internal/tui/backup.go:125.26,126.55 1 0
github.com/movietracker/movie-tracker/internal/tui/backup.go:126.55,129.5 2 0
github.com/movietracker/movie-tracker/internal/tui/backup.go:131.3,132.65 2 0
github.com/movietracker/movie-tracker/internal/tui/backup.go:133.16,134.65 1 0
github.com/movietracker/movie-tracker/internal/tui/backup.go:136.2,136.15 1 0
github.com/movietracker/movie-tracker/internal/tui/conflicts.go:19.44,19.62 1 0
github.com/movietracker/movie-tracker/internal/tui/conflicts.go:20.44,20.83 1 0
github.com/movietracker/movie-tracker/internal/tui/conflicts.go:21.44,21.62 1 0
github.com/movietracker/movie-tracker/internal/tui/conflicts.go:23.36,24.25 1 0
github.com/movietracker/movie-tracker/internal/tui/conflicts.go:24.25,28.3 3 0
github.com/movietracker/movie-tracker/internal/tui/conflicts.go:29.2,30.16 2 0
github.com/movietracker/movie-tracker/internal/tui/conflicts.go:30.16,33.3 2 0
github.com/movietracker/movie-tracker/internal/tui/conflicts.go:34.2,36.35 3 0
github.com/movietracker/movie-tracker/internal/tui/conflicts.go:36.35,41.3 1 0
github.com/movietracker/movie-tracker/internal/tui/conflicts.go:42.2,43.20 2 0
github.com/movietracker/movie-tracker/internal/tui/conflicts.go:43.20,47.3 3 0
github.com/movietracker/movie-tracker/internal/tui/conflicts.go:50.67,51.29 1 0
github.com/movietracker/movie-tracker/internal/tui/conflicts.go:52.30,54.97 2 0
github.com/movietracker/movie-tracker/internal/tui/conflicts.go:54.97,56.4 1 0
github.com/movietracker/movie-tracker/internal/tui/conflicts.go:57.35,59.76 2 0
github.com/movietracker/movie-tracker/internal/tui/conflicts.go:59.76,61.4 1 0
github.com/movietracker/movie-tracker/internal/tui/conflicts.go:63.2,63.92 1 0
github.com/movietracker/movie-tracker/internal/tui/conflicts.go:66.69,67.22 1 0
github.com/movietracker/movie-tracker/internal/tui/conflicts.go:68.26,69.53 1 0
github.com/movietracker/movie-tracker/internal/tui/conflicts.go:69.53,71.4 1 0
github.com/movietracker/movie-tracker/internal/tui/conflicts.go:71.9,73.4 1 0
github.com/movietracker/movie-tracker/internal/tui/conflicts.go:74.3,74.16 1 0
github.com/movietracker/movie-tracker/internal/tui/conflicts.go:75.15,76.57 1 0
github.com/movietracker/movie-tracker/internal/tui/conflicts.go:76.57,78.4 1 0
github.com/movietracker/movie-tracker/internal/tui/conflicts.go:79.3,79.111 1 0
github.com/movietracker/movie-tracker/internal/tui/conflicts.go:79.111,82.4 2 0
github.com/movietracker/movie-tracker/internal/tui/conflicts.go:83.3,87.27 5 0
github.com/movietracker/movie-tracker/internal/tui/conflicts.go:87.27,90.4 2 0
github.com/movietracker/movie-tracker/internal/tui/conflicts.go:91.3,91.24 1 0
github.com/movietracker/movie-tracker/internal/tui/conflicts.go:92.30,95.64 3 0
github.com/movietracker/movie-tracker/internal/tui/conflicts.go:95.64,97.4 1 0
github.com/movietracker/movie-tracker/internal/tui/conflicts.go:98.3,98.16 1 0
github.com/movietracker/movie-tracker/internal/tui/conflicts.go:100.2,100.15 1 0
github.com/movietracker/movie-tracker/internal/tui/conflicts.go:103.39,107.19 4 0
github.com/movietracker/movie-tracker/internal/tui/conflicts.go:107.19,110.3 2 0
github.com/movietracker/movie-tracker/internal/tui/conflicts.go:112.2,116.33 2 0
github.com/movietracker/movie-tracker/internal/tui/conflicts.go:116.33,118.3 1 0
github.com/movietracker/movie-tracker/internal/tui/conflicts.go:118.8,120.3 1 0
github.com/movietracker/movie-tracker/internal/tui/conflicts.go:121.2,122.50 2 0
github.com/movietracker/movie-tracker/internal/tui/conflicts.go:125.41,126.33 1 0
github.com/movietracker/movie-tracker/internal/tui/conflicts.go:126.33,128.3 1 0
github.com/movietracker/movie-tracker/internal/tui/conflicts.go:129.2,132.53 4 0
github.com/movietracker/movie-tracker/internal/tui/conflicts.go:132.53,134.3 1 0
github.com/movietracker/movie-tracker/internal/tui/conflicts.go:135.2,139.10 1 0
github.com/movietracker/movie-tracker/internal/tui/conflicts.go:142.62,143.20 1 0
github.com/movietracker/movie-tracker/internal/tui/conflicts.go:143.20,145.3 1 0
github.com/movietracker/movie-tracker/internal/tui/conflicts.go:146.2,146.25 1 0
github.com/movietracker/movie-tracker/internal/tui/conflicts.go:146.25,147.98 1 0
github.com/movietracker/movie-tracker/internal/tui/conflicts.go:147.98,149.4 1 0
github.com/movietracker/movie-tracker/internal/tui/conflicts.go:151.2,151.76 1 0
github.com/movietracker/movie-tracker/internal/tui/conflicts.go:151.76,153.3 1 0
github.com/movietracker/movie-tracker/internal/tui/conflicts.go:154.2,154.17 1 0
github.com/movietracker/movie-tracker/internal/tui/conflicts.go:157.47,159.62 2 0
github.com/movietracker/movie-tracker/internal/tui/conflicts.go:159.62,161.3 1 0
github.com/movietracker/movie-tracker/internal/tui/conflicts.go:162.2,163.79 2 0
github.com/movietracker/movie-tracker/internal/tui/conflicts.go:163.79,164.67 1 0
github.com/movietracker/movie-tracker/internal/tui/conflicts.go:164.67,166.4 1 0
github.com/movietracker/movie-tracker/internal/tui/conflicts.go:168.2,168.21 1 0
github.com/movietracker/movie-tracker/internal/tui/conflicts.go:168.21,170.3 1 0
github.com/movietracker/movie-tracker/internal/tui/conflicts.go:171.2,171.34 1 0
github.com/movietracker/movie-tracker/internal/tui/conflicts.go:174.40,175.25 1 1
github.com/movietracker/movie-tracker/internal/tui/conflicts.go:175.25,178.3 2 0
github.com/movietracker/movie-tracker/internal/tui/conflicts.go:179.2,180.16 2 1
github.com/movietracker/movie-tracker/internal/tui/conflicts.go:180.16,182.88 2 1
github.com/movietracker/movie-tracker/internal/tui/conflicts.go:182.88,184.4 1 0
github.com/movietracker/movie-tracker/internal/tui/conflicts.go:188.53,189.26 1 0
github.com/movietracker/movie-tracker/internal/tui/conflicts.go:189.26,192.3 2 0
github.com/movietracker/movie-tracker/internal/tui/conflicts.go:193.2,195.15 3 0
github.com/movietracker/movie-tracker/internal/tui/context.go:15.45,16.18 1 1
github.com/movietracker/movie-tracker/internal/tui/context.go:16.18,18.3 1 1
github.com/movietracker/movie-tracker/internal/tui/context.go:19.2,19.29 1 0
github.com/movietracker/movie-tracker/internal/tui/context.go:22.28,23.21 1 1
github.com/movietracker/movie-tracker/internal/tui/context.go:23.21,25.3 1 1
github.com/movietracker/movie-tracker/internal/tui/help.go:89.32,91.39 2 1
github.com/movietracker/movie-tracker/internal/tui/help.go:91.39,93.3 1 1
github.com/movietracker/movie-tracker/internal/tui/help.go:94.2,94.12 1 1
github.com/movietracker/movie-tracker/internal/tui/help.go:97.34,102.39 4 1
github.com/movietracker/movie-tracker/internal/tui/help.go:102.39,104.40 2 1
github.com/movietracker/movie-tracker/internal/tui/help.go:104.40,106.4 1 1
github.com/movietracker/movie-tracker/internal/tui/help.go:107.3,107.28 1 1
github.com/movietracker/movie-tracker/internal/tui/help.go:110.2,110.50 1 1
github.com/movietracker/movie-tracker/internal/tui/items.go:15.34,17.2 1 0
github.com/movietracker/movie-tracker/internal/tui/items.go:19.40,21.2 1 0
github.com/movietracker/movie-tracker/internal/tui/items.go:23.40,25.2 1 0
github.com/movietracker/movie-tracker/internal/tui/items.go:32.35,33.22 1 0
github.com/movietracker/movie-tracker/internal/tui/items.go:33.22,35.3 1 0
github.com/movietracker/movie-tracker/internal/tui/items.go:36.2,36.22 1 0
github.com/movietracker/movie-tracker/internal/tui/items.go:39.41,41.2 1 0
github.com/movietracker/movie-tracker/internal/tui/items.go:43.41,45.2 1 0
github.com/movietracker/movie-tracker/internal/tui/log.go:11.45,12.16 1 1
github.com/movietracker/movie-tracker/internal/tui/log.go:12.16,14.3 1 0
github.com/movietracker/movie-tracker/internal/tui/model.go:137.61,140.2 2 1
github.com/movietracker/movie-tracker/internal/tui/model.go:142.37,144.2 1 0
github.com/movietracker/movie-tracker/internal/tui/model.go:146.32,149.2 2 1
github.com/movietracker/movie-tracker/internal/tui/model.go:151.30,175.30 19 1
github.com/movietracker/movie-tracker/internal/tui/model.go:175.30,177.3 1 1
github.com/movietracker/movie-tracker/internal/tui/model.go:178.2,181.24 3 1
github.com/movietracker/movie-tracker/internal/tui/model.go:181.24,183.3 1 1
github.com/movietracker/movie-tracker/internal/tui/model.go:184.2,185.25 2 1
github.com/movietracker/movie-tracker/internal/tui/model.go:185.25,187.3 1 1
github.com/movietracker/movie-tracker/internal/tui/model.go:188.2,189.23 2 1
github.com/movietracker/movie-tracker/internal/tui/model.go:189.23,191.3 1 1
github.com/movietracker/movie-tracker/internal/tui/model.go:193.2,262.14 24 1
github.com/movietracker/movie-tracker/internal/tui/model.go:265.66,270.2 4 1
github.com/movietracker/movie-tracker/internal/tui/model.go:272.70,277.2 4 1
github.com/movietracker/movie-tracker/internal/tui/model.go:279.31,281.47 2 0
github.com/movietracker/movie-tracker/internal/tui/model.go:281.47,283.3 1 0
github.com/movietracker/movie-tracker/internal/tui/model.go:284.2,284.27 1 0
github.com/movietracker/movie-tracker/internal/tui/model.go:287.57,288.27 1 1
github.com/movietracker/movie-tracker/internal/tui/model.go:289.25,293.16 4 0
github.com/movietracker/movie-tracker/internal/tui/model.go:294.21,295.33 1 1
github.com/movietracker/movie-tracker/internal/tui/model.go:296.22,297.23 1 0
github.com/movietracker/movie-tracker/internal/tui/model.go:298.19,299.23 1 0
github.com/movietracker/movie-tracker/internal/tui/model.go:300.21,301.33 1 0
github.com/movietracker/movie-tracker/internal/tui/model.go:302.27,303.39 1 0
github.com/movietracker/movie-tracker/internal/tui/model.go:304.23,305.35 1 0
github.com/movietracker/movie-tracker/internal/tui/model.go:306.18,307.26 1 1
github.com/movietracker/movie-tracker/internal/tui/model.go:310.2,310.34 1 0
github.com/movietracker/movie-tracker/internal/tui/model.go:313.73,315.20 2 1
github.com/movietracker/movie-tracker/internal/tui/model.go:315.20,318.3 2 0
github.com/movietracker/movie-tracker/internal/tui/model.go:320.2,322.26 3 1
github.com/movietracker/movie-tracker/internal/tui/model.go:322.26,324.3 1 1
github.com/movietracker/movie-tracker/internal/tui/model.go:325.2,325.25 1 1
github.com/movietracker/movie-tracker/internal/tui/model.go:325.25,327.3 1 1
github.com/movietracker/movie-tracker/internal/tui/model.go:329.2,329.20 1 1
github.com/movietracker/movie-tracker/internal/tui/model.go:330.15,331.97 1 1
github.com/movietracker/movie-tracker/internal/tui/model.go:332.18,333.100 1 0
github.com/movietracker/movie-tracker/internal/tui/model.go:334.10,335.101 1 0
github.com/movietracker/movie-tracker/internal/tui/model.go:337.2,338.22 2 1
github.com/movietracker/movie-tracker/internal/tui/model.go:341.63,342.58 1 1
github.com/movietracker/movie-tracker/internal/tui/model.go:342.58,343.28 1 1
github.com/movietracker/movie-tracker/internal/tui/model.go:343.28,346.4 2 1
github.com/movietracker/movie-tracker/internal/tui/model.go:347.3,347.32 1 1
github.com/movietracker/movie-tracker/internal/tui/model.go:350.2,350.22 1 1
github.com/movietracker/movie-tracker/internal/tui/model.go:351.16,354.21 3 1
github.com/movietracker/movie-tracker/internal/tui/model.go:355.13,356.31 1 1
github.com/movietracker/movie-tracker/internal/tui/model.go:356.31,359.4 2 1
github.com/movietracker/movie-tracker/internal/tui/model.go:360.3,360.63 1 1
github.com/movietracker/movie-tracker/internal/tui/model.go:360.63,361.75 1 1
github.com/movietracker/movie-tracker/internal/tui/model.go:361.75,363.5 1 0
github.com/movietracker/movie-tracker/internal/tui/model.go:364.4,365.17 2 1
github.com/movietracker/movie-tracker/internal/tui/model.go:367.3,367.57 1 1
github.com/movietracker/movie-tracker/internal/tui/model.go:367.57,370.4 2 1
github.com/movietracker/movie-tracker/internal/tui/model.go:373.2,373.17 1 1
github.com/movietracker/movie-tracker/internal/tui/model.go:374.22,375.32 1 1
github.com/movietracker/movie-tracker/internal/tui/model.go:376.26,377.32 1 0
github.com/movietracker/movie-tracker/internal/tui/model.go:378.21,379.31 1 1
github.com/movietracker/movie-tracker/internal/tui/model.go:380.18,381.28 1 1
github.com/movietracker/movie-tracker/internal/tui/model.go:382.21,383.31 1 0
github.com/movietracker/movie-tracker/internal/tui/model.go:384.24,385.113 1 1
github.com/movietracker/movie-tracker/internal/tui/model.go:385.113,389.4 3 0
github.com/movietracker/movie-tracker/internal/tui/model.go:390.3,390.34 1 1
github.com/movietracker/movie-tracker/internal/tui/model.go:393.2,393.22 1 1
github.com/movietracker/movie-tracker/internal/tui/model.go:394.11,396.21 2 0
github.com/movietracker/movie-tracker/internal/tui/model.go:397.11,399.16 2 1
github.com/movietracker/movie-tracker/internal/tui/model.go:400.11,401.110 1 0
github.com/movietracker/movie-tracker/internal/tui/model.go:401.110,404.4 2 0
github.com/movietracker/movie-tracker/internal/tui/model.go:405.11,407.16 2 0
github.com/movietracker/movie-tracker/internal/tui/model.go:408.11,409.110 1 1
github.com/movietracker/movie-tracker/internal/tui/model.go:409.110,412.4 2 1
github.com/movietracker/movie-tracker/internal/tui/model.go:413.11,414.110 1 1
github.com/movietracker/movie-tracker/internal/tui/model.go:414.110,417.4 2 1
github.com/movietracker/movie-tracker/internal/tui/model.go:418.11,419.146 1 0
github.com/movietracker/movie-tracker/internal/tui/model.go:419.146,420.32 1 0
github.com/movietracker/movie-tracker/internal/tui/model.go:420.32,422.5 1 0
github.com/movietracker/movie-tracker/internal/tui/model.go:424.11,425.82 1 0
github.com/movietracker/movie-tracker/internal/tui/model.go:425.82,427.4 1 0
github.com/movietracker/movie-tracker/internal/tui/model.go:430.2,430.17 1 1
github.com/movietracker/movie-tracker/internal/tui/model.go:431.19,432.29 1 1
github.com/movietracker/movie-tracker/internal/tui/model.go:433.21,434.31 1 1
github.com/movietracker/movie-tracker/internal/tui/model.go:435.22,436.32 1 1
github.com/movietracker/movie-tracker/internal/tui/model.go:437.10,438.35 1 0
github.com/movietracker/movie-tracker/internal/tui/model.go:442.66,443.22 1 1
github.com/movietracker/movie-tracker/internal/tui/model.go:444.20,445.24 1 1
github.com/movietracker/movie-tracker/internal/tui/model.go:447.2,447.15 1 1
github.com/movietracker/movie-tracker/internal/tui/model.go:450.68,451.29 1 1
github.com/movietracker/movie-tracker/internal/tui/model.go:451.29,452.55 1 1
github.com/movietracker/movie-tracker/internal/tui/model.go:452.55,454.4 1 1
github.com/movietracker/movie-tracker/internal/tui/model.go:455.3,455.16 1 1
github.com/movietracker/movie-tracker/internal/tui/model.go:458.2,460.15 3 0
github.com/movietracker/movie-tracker/internal/tui/model.go:463.69,464.29 1 1
github.com/movietracker/movie-tracker/internal/tui/model.go:464.29,469.3 4 1
github.com/movietracker/movie-tracker/internal/tui/model.go:471.2,471.22 1 1
github.com/movietracker/movie-tracker/internal/tui/model.go:472.11,474.28 2 1
github.com/movietracker/movie-tracker/internal/tui/model.go:475.11,480.16 5 1
github.com/movietracker/movie-tracker/internal/tui/model.go:481.11,486.16 5 1
github.com/movietracker/movie-tracker/internal/tui/model.go:487.11,494.16 7 0
github.com/movietracker/movie-tracker/internal/tui/model.go:495.11,498.16 3 1
github.com/movietracker/movie-tracker/internal/tui/model.go:499.15,500.58 1 1
github.com/movietracker/movie-tracker/internal/tui/model.go:500.58,503.4 2 1
github.com/movietracker/movie-tracker/internal/tui/model.go:504.3,504.16 1 1
github.com/movietracker/movie-tracker/internal/tui/model.go:505.11,506.58 1 1
github.com/movietracker/movie-tracker/internal/tui/model.go:506.58,507.79 1 1
github.com/movietracker/movie-tracker/internal/tui/model.go:507.79,510.5 2 0
github.com/movietracker/movie-tracker/internal/tui/model.go:511.4,512.21 2 1
github.com/movietracker/movie-tracker/internal/tui/model.go:514.3,514.16 1 1
github.com/movietracker/movie-tracker/internal/tui/model.go:517.2,519.15 3 0
github.com/movietracker/movie-tracker/internal/tui/model.go:522.69,523.44 1 1
github.com/movietracker/movie-tracker/internal/tui/model.go:523.44,525.3 1 0
github.com/movietracker/movie-tracker/internal/tui/model.go:527.2,527.22 1 1
github.com/movietracker/movie-tracker/internal/tui/model.go:528.16,529.29 1 0
github.com/movietracker/movie-tracker/internal/tui/model.go:530.11,531.52 1 0
github.com/movietracker/movie-tracker/internal/tui/model.go:531.52,533.4 1 0
github.com/movietracker/movie-tracker/internal/tui/model.go:534.26,537.16 3 0
github.com/movietracker/movie-tracker/internal/tui/model.go:538.15,540.17 2 1
github.com/movietracker/movie-tracker/internal/tui/model.go:540.17,543.4 2 0
github.com/movietracker/movie-tracker/internal/tui/model.go:544.3,548.16 5 1
github.com/movietracker/movie-tracker/internal/tui/model.go:551.2,552.22 2 1
github.com/movietracker/movie-tracker/internal/tui/model.go:552.22,554.3 1 1
github.com/movietracker/movie-tracker/internal/tui/model.go:554.8,556.3 1 0
github.com/movietracker/movie-tracker/internal/tui/model.go:557.2,557.15 1 1
github.com/movietracker/movie-tracker/internal/tui/model.go:560.68,561.21 1 1
github.com/movietracker/movie-tracker/internal/tui/model.go:561.21,563.3 1 0
github.com/movietracker/movie-tracker/internal/tui/model.go:565.2,565.22 1 1
github.com/movietracker/movie-tracker/internal/tui/model.go:566.26,569.16 3 0
github.com/movietracker/movie-tracker/internal/tui/model.go:570.19,571.27 1 0
github.com/movietracker/movie-tracker/internal/tui/model.go:571.27,575.4 3 0
github.com/movietracker/movie-tracker/internal/tui/model.go:576.3,576.16 1 0
github.com/movietracker/movie-tracker/internal/tui/model.go:577.20,578.27 1 1
github.com/movietracker/movie-tracker/internal/tui/model.go:578.27,582.4 3 1
github.com/movietracker/movie-tracker/internal/tui/model.go:583.3,583.16 1 1
github.com/movietracker/movie-tracker/internal/tui/model.go:584.11,587.33 3 0
github.com/movietracker/movie-tracker/internal/tui/model.go:587.33,589.4 1 0
github.com/movietracker/movie-tracker/internal/tui/model.go:590.3,591.26 2 0
github.com/movietracker/movie-tracker/internal/tui/model.go:591.26,593.4 1 0
github.com/movietracker/movie-tracker/internal/tui/model.go:594.3,594.16 1 0
github.com/movietracker/movie-tracker/internal/tui/model.go:595.11,596.36 1 1
github.com/movietracker/movie-tracker/internal/tui/model.go:596.36,598.29 2 1
github.com/movietracker/movie-tracker/internal/tui/model.go:598.29,600.5 1 0
github.com/movietracker/movie-tracker/internal/tui/model.go:601.4,604.61 4 1
github.com/movietracker/movie-tracker/internal/tui/model.go:606.3,606.16 1 1
github.com/movietracker/movie-tracker/internal/tui/model.go:607.11,608.67 1 1
github.com/movietracker/movie-tracker/internal/tui/model.go:608.67,611.4 2 1
github.com/movietracker/movie-tracker/internal/tui/model.go:612.3,612.22 1 0
github.com/movietracker/movie-tracker/internal/tui/model.go:612.22,615.4 2 0
github.com/movietracker/movie-tracker/internal/tui/model.go:616.3,618.86 3 0
github.com/movietracker/movie-tracker/internal/tui/model.go:619.11,620.67 1 0
github.com/movietracker/movie-tracker/internal/tui/model.go:620.67,623.4 2 0
github.com/movietracker/movie-tracker/internal/tui/model.go:624.3,624.22 1 0
github.com/movietracker/movie-tracker/internal/tui/model.go:624.22,627.4 2 0
github.com/movietracker/movie-tracker/internal/tui/model.go:628.3,630.59 3 0
github.com/movietracker/movie-tracker/internal/tui/model.go:631.11,632.27 1 0
github.com/movietracker/movie-tracker/internal/tui/model.go:632.27,635.4 2 0
github.com/movietracker/movie-tracker/internal/tui/model.go:636.3,637.17 2 0
github.com/movietracker/movie-tracker/internal/tui/model.go:637.17,640.4 2 0
github.com/movietracker/movie-tracker/internal/tui/model.go:641.3,642.16 2 0
github.com/movietracker/movie-tracker/internal/tui/model.go:643.11,644.36 1 0
github.com/movietracker/movie-tracker/internal/tui/model.go:645.11,646.35 1 0
github.com/movietracker/movie-tracker/internal/tui/model.go:647.25,648.26 1 0
github.com/movietracker/movie-tracker/internal/tui/model.go:651.2,651.26 1 0
github.com/movietracker/movie-tracker/internal/tui/model.go:651.26,655.3 3 0
github.com/movietracker/movie-tracker/internal/tui/model.go:656.2,656.15 1 0
github.com/movietracker/movie-tracker/internal/tui/model.go:659.52,661.21 2 0
github.com/movietracker/movie-tracker/internal/tui/model.go:661.21,664.3 2 0
github.com/movietracker/movie-tracker/internal/tui/model.go:666.2,669.25 4 0
github.com/movietracker/movie-tracker/internal/tui/model.go:669.25,670.54 1 0
github.com/movietracker/movie-tracker/internal/tui/model.go:670.54,673.4 2 0
github.com/movietracker/movie-tracker/internal/tui/model.go:675.2,677.15 3 0
github.com/movietracker/movie-tracker/internal/tui/model.go:680.65,681.19 1 1
github.com/movietracker/movie-tracker/internal/tui/model.go:681.19,683.3 1 0
github.com/movietracker/movie-tracker/internal/tui/model.go:685.2,685.22 1 1
github.com/movietracker/movie-tracker/internal/tui/model.go:686.26,689.16 3 0
github.com/movietracker/movie-tracker/internal/tui/model.go:690.11,692.16 2 1
github.com/movietracker/movie-tracker/internal/tui/model.go:693.15,694.23 1 1
github.com/movietracker/movie-tracker/internal/tui/model.go:694.23,698.4 3 0
github.com/movietracker/movie-tracker/internal/tui/model.go:699.3,701.60 3 1
github.com/movietracker/movie-tracker/internal/tui/model.go:701.60,704.4 2 0
github.com/movietracker/movie-tracker/internal/tui/model.go:705.3,705.20 1 1
github.com/movietracker/movie-tracker/internal/tui/model.go:705.20,708.4 2 0
github.com/movietracker/movie-tracker/internal/tui/model.go:709.3,711.40 3 1
github.com/movietracker/movie-tracker/internal/tui/model.go:714.2,715.23 2 0
github.com/movietracker/movie-tracker/internal/tui/model.go:715.23,717.3 1 0
github.com/movietracker/movie-tracker/internal/tui/model.go:717.8,719.3 1 0
github.com/movietracker/movie-tracker/internal/tui/model.go:720.2,720.15 1 0
github.com/movietracker/movie-tracker/internal/tui/model.go:723.68,724.19 1 0
github.com/movietracker/movie-tracker/internal/tui/model.go:724.19,726.3 1 0
github.com/movietracker/movie-tracker/internal/tui/model.go:728.2,728.22 1 0
github.com/movietracker/movie-tracker/internal/tui/model.go:729.26,732.16 3 0
github.com/movietracker/movie-tracker/internal/tui/model.go:733.15,734.26 1 0
github.com/movietracker/movie-tracker/internal/tui/model.go:734.26,738.4 3 0
github.com/movietracker/movie-tracker/internal/tui/model.go:739.3,742.60 4 0
github.com/movietracker/movie-tracker/internal/tui/model.go:742.60,745.4 2 0
github.com/movietracker/movie-tracker/internal/tui/model.go:746.3,746.26 1 0
github.com/movietracker/movie-tracker/internal/tui/model.go:746.26,749.4 2 0
github.com/movietracker/movie-tracker/internal/tui/model.go:750.3,750.20 1 0
github.com/movietracker/movie-tracker/internal/tui/model.go:750.20,753.4 2 0
github.com/movietracker/movie-tracker/internal/tui/model.go:754.3,756.43 3 0
github.com/movietracker/movie-tracker/internal/tui/model.go:759.2,760.25 2 0
github.com/movietracker/movie-tracker/internal/tui/model.go:761.9,762.47 1 0
github.com/movietracker/movie-tracker/internal/tui/model.go:763.9,764.53 1 0
github.com/movietracker/movie-tracker/internal/tui/model.go:765.10,766.67 1 0
github.com/movietracker/movie-tracker/internal/tui/model.go:768.2,768.15 1 0
github.com/movietracker/movie-tracker/internal/tui/model.go:771.57,774.24 3 1
github.com/movietracker/movie-tracker/internal/tui/model.go:774.24,778.17 4 1
github.com/movietracker/movie-tracker/internal/tui/model.go:778.17,780.4 1 0
github.com/movietracker/movie-tracker/internal/tui/model.go:781.3,782.17 2 1
github.com/movietracker/movie-tracker/internal/tui/model.go:782.17,784.4 1 0
github.com/movietracker/movie-tracker/internal/tui/model.go:785.3,788.4 1 1
github.com/movietracker/movie-tracker/internal/tui/model.go:792.60,795.24 3 0
github.com/movietracker/movie-tracker/internal/tui/model.go:795.24,799.17 4 0
github.com/movietracker/movie-tracker/internal/tui/model.go:799.17,801.4 1 0
github.com/movietracker/movie-tracker/internal/tui/model.go:802.3,803.17 2 0
github.com/movietracker/movie-tracker/internal/tui/model.go:803.17,805.4 1 0
github.com/movietracker/movie-tracker/internal/tui/model.go:806.3,809.4 1 0
github.com/movietracker/movie-tracker/internal/tui/model.go:813.76,821.2 1 1
github.com/movietracker/movie-tracker/internal/tui/model.go:823.54,824.36 1 1
github.com/movietracker/movie-tracker/internal/tui/model.go:824.36,826.3 1 0
github.com/movietracker/movie-tracker/internal/tui/model.go:827.2,827.23 1 1
github.com/movietracker/movie-tracker/internal/tui/model.go:827.23,829.3 1 0
github.com/movietracker/movie-tracker/internal/tui/model.go:830.2,830.12 1 1
github.com/movietracker/movie-tracker/internal/tui/model.go:833.71,834.22 1 1
github.com/movietracker/movie-tracker/internal/tui/model.go:835.26,838.16 3 0
github.com/movietracker/movie-tracker/internal/tui/model.go:839.11,844.16 5 0
github.com/movietracker/movie-tracker/internal/tui/model.go:845.11,849.16 4 0
github.com/movietracker/movie-tracker/internal/tui/model.go:850.15,851.45 1 1
github.com/movietracker/movie-tracker/internal/tui/model.go:851.45,854.4 2 0
github.com/movietracker/movie-tracker/internal/tui/model.go:855.3,857.16 3 1
github.com/movietracker/movie-tracker/internal/tui/model.go:860.2,861.23 2 0
github.com/movietracker/movie-tracker/internal/tui/model.go:862.9,863.49 1 0
github.com/movietracker/movie-tracker/internal/tui/model.go:864.9,865.55 1 0
github.com/movietracker/movie-tracker/internal/tui/model.go:866.10,867.49 1 0
github.com/movietracker/movie-tracker/internal/tui/model.go:869.2,869.15 1 0
github.com/movietracker/movie-tracker/internal/tui/model.go:872.69,873.17 1 0
github.com/movietracker/movie-tracker/internal/tui/model.go:874.21,877.16 3 0
github.com/movietracker/movie-tracker/internal/tui/model.go:878.22,881.16 3 0
github.com/movietracker/movie-tracker/internal/tui/model.go:882.21,883.27 1 0
github.com/movietracker/movie-tracker/internal/tui/model.go:883.27,887.4 3 0
github.com/movietracker/movie-tracker/internal/tui/model.go:888.3,888.16 1 0
github.com/movietracker/movie-tracker/internal/tui/model.go:889.18,891.24 2 0
github.com/movietracker/movie-tracker/internal/tui/model.go:891.24,893.4 1 0
github.com/movietracker/movie-tracker/internal/tui/model.go:893.9,895.4 1 0
github.com/movietracker/movie-tracker/internal/tui/model.go:896.3,896.16 1 0
github.com/movietracker/movie-tracker/internal/tui/model.go:897.21,899.26 2 0
github.com/movietracker/movie-tracker/internal/tui/model.go:900.10,901.48 1 0
github.com/movietracker/movie-tracker/internal/tui/model.go:902.10,903.54 1 0
github.com/movietracker/movie-tracker/internal/tui/model.go:904.11,905.68 1 0
github.com/movietracker/movie-tracker/internal/tui/model.go:907.3,907.16 1 0
github.com/movietracker/movie-tracker/internal/tui/model.go:908.22,911.16 3 0
github.com/movietracker/movie-tracker/internal/tui/model.go:912.24,915.16 3 0
github.com/movietracker/movie-tracker/internal/tui/model.go:918.2,918.15 1 0
github.com/movietracker/movie-tracker/internal/tui/model.go:921.35,927.15 5 1
github.com/movietracker/movie-tracker/internal/tui/model.go:928.22,929.20 1 1
github.com/movietracker/movie-tracker/internal/tui/model.go:930.18,931.19 1 1
github.com/movietracker/movie-tracker/internal/tui/model.go:932.21,935.20 3 1
github.com/movietracker/movie-tracker/internal/tui/model.go:936.18,940.17 4 1
github.com/movietracker/movie-tracker/internal/tui/model.go:941.21,946.20 5 1
github.com/movietracker/movie-tracker/internal/tui/model.go:947.22,948.21 1 1
github.com/movietracker/movie-tracker/internal/tui/model.go:949.24,950.23 1 1
github.com/movietracker/movie-tracker/internal/tui/model.go:952.2,952.18 1 1
github.com/movietracker/movie-tracker/internal/tui/model.go:955.30,968.2 12 1
github.com/movietracker/movie-tracker/internal/tui/model.go:970.33,972.26 2 1
github.com/movietracker/movie-tracker/internal/tui/model.go:972.26,974.3 1 0
github.com/movietracker/movie-tracker/internal/tui/model.go:977.30,979.23 2 1
github.com/movietracker/movie-tracker/internal/tui/model.go:979.23,981.3 1 1
github.com/movietracker/movie-tracker/internal/tui/model.go:981.8,983.3 1 0
github.com/movietracker/movie-tracker/internal/tui/model.go:986.33,988.25 2 1
github.com/movietracker/movie-tracker/internal/tui/model.go:989.9,990.23 1 1
github.com/movietracker/movie-tracker/internal/tui/model.go:991.9,992.26 1 0
github.com/movietracker/movie-tracker/internal/tui/model.go:993.10,994.33 1 0
github.com/movietracker/movie-tracker/internal/tui/model.go:998.31,1000.20 2 0
github.com/movietracker/movie-tracker/internal/tui/model.go:1000.20,1002.3 1 0
github.com/movietracker/movie-tracker/internal/tui/model.go:1004.2,1005.20 2 0
github.com/movietracker/movie-tracker/internal/tui/model.go:1005.20,1007.3 1 0
github.com/movietracker/movie-tracker/internal/tui/model.go:1009.2,1013.35 5 0
github.com/movietracker/movie-tracker/internal/tui/model.go:1016.33,1017.22 1 1
github.com/movietracker/movie-tracker/internal/tui/model.go:1017.22,1020.3 2 0
github.com/movietracker/movie-tracker/internal/tui/model.go:1022.2,1028.16 2 1
github.com/movietracker/movie-tracker/internal/tui/model.go:1028.16,1031.3 2 0
github.com/movietracker/movie-tracker/internal/tui/model.go:1033.2,1037.31 4 1
github.com/movietracker/movie-tracker/internal/tui/model.go:1037.31,1039.69 2 1
github.com/movietracker/movie-tracker/internal/tui/model.go:1039.69,1041.4 1 0
github.com/movietracker/movie-tracker/internal/tui/model.go:1042.3,1042.17 1 1
github.com/movietracker/movie-tracker/internal/tui/model.go:1042.17,1044.4 1 1
github.com/movietracker/movie-tracker/internal/tui/model.go:1045.3,1045.89 1 1
github.com/movietracker/movie-tracker/internal/tui/model.go:1048.2,1048.26 1 1
github.com/movietracker/movie-tracker/internal/tui/model.go:1051.32,1052.22 1 1
github.com/movietracker/movie-tracker/internal/tui/model.go:1052.22,1054.3 1 0
github.com/movietracker/movie-tracker/internal/tui/model.go:1055.2,1056.16 2 1
github.com/movietracker/movie-tracker/internal/tui/model.go:1056.16,1059.3 2 0
github.com/movietracker/movie-tracker/internal/tui/model.go:1060.2,1060.17 1 1
github.com/movietracker/movie-tracker/internal/tui/model.go:1063.36,1073.2 9 1
github.com/movietracker/movie-tracker/internal/tui/model.go:1075.34,1077.22 2 1
github.com/movietracker/movie-tracker/internal/tui/model.go:1077.22,1079.3 1 1
github.com/movietracker/movie-tracker/internal/tui/model.go:1079.8,1081.3 1 0
github.com/movietracker/movie-tracker/internal/tui/model.go:1084.61,1085.22 1 1
github.com/movietracker/movie-tracker/internal/tui/model.go:1085.22,1087.3 1 0
github.com/movietracker/movie-tracker/internal/tui/model.go:1089.2,1090.16 2 1
github.com/movietracker/movie-tracker/internal/tui/model.go:1090.16,1092.3 1 0
github.com/movietracker/movie-tracker/internal/tui/model.go:1094.2,1099.4 1 1
github.com/movietracker/movie-tracker/internal/tui/model.go:1102.53,1108.25 5 1
github.com/movietracker/movie-tracker/internal/tui/model.go:1108.25,1110.3 1 0
github.com/movietracker/movie-tracker/internal/tui/model.go:1110.8,1112.3 1 1
github.com/movietracker/movie-tracker/internal/tui/model.go:1114.2,1114.28 1 1
github.com/movietracker/movie-tracker/internal/tui/model.go:1114.28,1116.3 1 0
github.com/movietracker/movie-tracker/internal/tui/model.go:1116.8,1118.3 1 1
github.com/movietracker/movie-tracker/internal/tui/model.go:1120.2,1122.18 3 1
github.com/movietracker/movie-tracker/internal/tui/model.go:1125.36,1127.23 2 1
github.com/movietracker/movie-tracker/internal/tui/model.go:1128.9,1129.24 1 1
github.com/movietracker/movie-tracker/internal/tui/model.go:1130.9,1131.27 1 0
github.com/movietracker/movie-tracker/internal/tui/model.go:1132.10,1133.24 1 0
github.com/movietracker/movie-tracker/internal/tui/model.go:1137.41,1138.22 1 1
github.com/movietracker/movie-tracker/internal/tui/model.go:1138.22,1140.3 1 0
github.com/movietracker/movie-tracker/internal/tui/model.go:1141.2,1141.30 1 1
github.com/movietracker/movie-tracker/internal/tui/model.go:1141.30,1143.3 1 0
github.com/movietracker/movie-tracker/internal/tui/model.go:1145.2,1146.16 2 1
github.com/movietracker/movie-tracker/internal/tui/model.go:1146.16,1148.3 1 0
github.com/movietracker/movie-tracker/internal/tui/model.go:1150.2,1151.16 2 1
github.com/movietracker/movie-tracker/internal/tui/model.go:1151.16,1153.3 1 0
github.com/movietracker/movie-tracker/internal/tui/model.go:1155.2,1164.16 9 1
github.com/movietracker/movie-tracker/internal/tui/model.go:1164.16,1166.3 1 0
github.com/movietracker/movie-tracker/internal/tui/model.go:1167.2,1169.12 3 1
github.com/movietracker/movie-tracker/internal/tui/model.go:1172.34,1180.2 1 1
github.com/movietracker/movie-tracker/internal/tui/model.go:1182.62,1183.30 1 1
github.com/movietracker/movie-tracker/internal/tui/model.go:1183.30,1185.3 1 1
github.com/movietracker/movie-tracker/internal/tui/model.go:1187.2,1188.28 2 1
github.com/movietracker/movie-tracker/internal/tui/model.go:1188.28,1190.3 1 1
github.com/movietracker/movie-tracker/internal/tui/model.go:1191.2,1191.25 1 1
github.com/movietracker/movie-tracker/internal/tui/model.go:1191.25,1193.3 1 1
github.com/movietracker/movie-tracker/internal/tui/model.go:1194.2,1194.36 1 1
github.com/movietracker/movie-tracker/internal/tui/model.go:1197.68,1198.16 1 1
github.com/movietracker/movie-tracker/internal/tui/model.go:1199.29,1200.35 1 1
github.com/movietracker/movie-tracker/internal/tui/model.go:1201.33,1202.37 1 0
github.com/movietracker/movie-tracker/internal/tui/model.go:1203.35,1204.33 1 0
github.com/movietracker/movie-tracker/internal/tui/model.go:1205.31,1206.35 1 0
github.com/movietracker/movie-tracker/internal/tui/model.go:1207.10,1208.31 1 0
github.com/movietracker/movie-tracker/internal/tui/model.go:1212.60,1213.14 1 1
github.com/movietracker/movie-tracker/internal/tui/model.go:1214.29,1215.30 1 1
github.com/movietracker/movie-tracker/internal/tui/model.go:1216.28,1217.32 1 0
github.com/movietracker/movie-tracker/internal/tui/model.go:1218.10,1219.31 1 0
github.com/movietracker/movie-tracker/internal/tui/model.go:1223.51,1225.17 2 1
github.com/movietracker/movie-tracker/internal/tui/model.go:1225.17,1227.3 1 0
github.com/movietracker/movie-tracker/internal/tui/model.go:1229.2,1230.28 2 1
github.com/movietracker/movie-tracker/internal/tui/model.go:1230.28,1232.3 1 0
github.com/movietracker/movie-tracker/internal/tui/model.go:1233.2,1233.18 1 1
github.com/movietracker/movie-tracker/internal/tui/model.go:1236.58,1238.17 2 1
github.com/movietracker/movie-tracker/internal/tui/model.go:1238.17,1240.3 1 0
github.com/movietracker/movie-tracker/internal/tui/model.go:1242.2,1243.16 2 1
github.com/movietracker/movie-tracker/internal/tui/model.go:1243.16,1245.3 1 0
github.com/movietracker/movie-tracker/internal/tui/model.go:1246.2,1246.21 1 1
github.com/movietracker/movie-tracker/internal/tui/model.go:1249.58,1251.17 2 1
github.com/movietracker/movie-tracker/internal/tui/model.go:1251.17,1253.3 1 0
github.com/movietracker/movie-tracker/internal/tui/model.go:1255.2,1256.16 2 1
github.com/movietracker/movie-tracker/internal/tui/model.go:1256.16,1258.3 1 0
github.com/movietracker/movie-tracker/internal/tui/model.go:1259.2,1259.21 1 1
github.com/movietracker/movie-tracker/internal/tui/model.go:1262.69,1263.27 1 0
github.com/movietracker/movie-tracker/internal/tui/model.go:1263.27,1266.3 2 0
github.com/movietracker/movie-tracker/internal/tui/model.go:1267.2,1268.16 2 0
github.com/movietracker/movie-tracker/internal/tui/model.go:1268.16,1271.3 2 0
github.com/movietracker/movie-tracker/internal/tui/model.go:1272.2,1273.15 2 0
github.com/movietracker/movie-tracker/internal/tui/routes.go:42.30,50.2 1 1
github.com/movietracker/movie-tracker/internal/tui/routes.go:52.45,53.69 1 1
github.com/movietracker/movie-tracker/internal/tui/routes.go:53.69,55.3 1 0
github.com/movietracker/movie-tracker/internal/tui/routes.go:56.2,56.20 1 1
github.com/movietracker/movie-tracker/internal/tui/state.go:9.30,12.2 2 1
github.com/movietracker/movie-tracker/internal/tui/state.go:14.32,15.24 1 1
github.com/movietracker/movie-tracker/internal/tui/state.go:15.24,17.3 1 1
github.com/movietracker/movie-tracker/internal/tui/state.go:18.2,19.28 2 0
github.com/movietracker/movie-tracker/internal/tui/state.go:19.28,21.3 1 0
github.com/movietracker/movie-tracker/internal/tui/state.go:22.2,27.5 1 0
github.com/movietracker/movie-tracker/internal/tui/state.go:31.37,32.22 1 0
github.com/movietracker/movie-tracker/internal/tui/state.go:34.105,35.22 1 0
github.com/movietracker/movie-tracker/internal/tui/state.go:36.10,37.21 1 0
github.com/movietracker/movie-tracker/internal/tui/sync.go:57.56,59.2 1 0
github.com/movietracker/movie-tracker/internal/tui/sync.go:62.39,63.22 1 0
github.com/movietracker/movie-tracker/internal/tui/sync.go:63.22,65.3 1 0
github.com/movietracker/movie-tracker/internal/tui/sync.go:68.38,70.2 1 1
github.com/movietracker/movie-tracker/internal/tui/sync.go:72.43,73.25 1 1
github.com/movietracker/movie-tracker/internal/tui/sync.go:73.25,75.3 1 0
github.com/movietracker/movie-tracker/internal/tui/sync.go:76.2,76.56 1 1
github.com/movietracker/movie-tracker/internal/tui/sync.go:76.56,78.3 1 0
github.com/movietracker/movie-tracker/internal/tui/sync.go:81.49,82.65 1 1
github.com/movietracker/movie-tracker/internal/tui/sync.go:82.65,84.3 1 1
github.com/movietracker/movie-tracker/internal/tui/sync.go:85.2,87.23 3 1
github.com/movietracker/movie-tracker/internal/tui/sync.go:90.34,93.24 3 1
github.com/movietracker/movie-tracker/internal/tui/sync.go:93.24,98.3 4 1
github.com/movietracker/movie-tracker/internal/tui/sync.go:101.73,103.20 2 1
github.com/movietracker/movie-tracker/internal/tui/sync.go:103.20,106.26 3 1
github.com/movietracker/movie-tracker/internal/tui/sync.go:106.26,107.75 1 1
github.com/movietracker/movie-tracker/internal/tui/sync.go:107.75,109.5 1 1
github.com/movietracker/movie-tracker/internal/tui/sync.go:111.3,111.33 1 1
github.com/movietracker/movie-tracker/internal/tui/sync.go:114.2,118.25 5 1
github.com/movietracker/movie-tracker/internal/tui/sync.go:118.25,120.3 1 0
github.com/movietracker/movie-tracker/internal/tui/sync.go:120.8,120.31 1 1
github.com/movietracker/movie-tracker/internal/tui/sync.go:120.31,122.3 1 0
github.com/movietracker/movie-tracker/internal/tui/sync.go:122.8,124.3 1 1
github.com/movietracker/movie-tracker/internal/tui/sync.go:125.2,127.32 3 1
github.com/movietracker/movie-tracker/internal/tui/sync.go:130.39,131.25 1 1
github.com/movietracker/movie-tracker/internal/tui/sync.go:131.25,133.3 1 1
github.com/movietracker/movie-tracker/internal/tui/sync.go:134.2,135.16 2 1
github.com/movietracker/movie-tracker/internal/tui/sync.go:135.16,137.3 1 1
github.com/movietracker/movie-tracker/internal/tui/sync.go:138.2,139.120 2 1
github.com/movietracker/movie-tracker/internal/tui/sync.go:139.120,141.3 1 1
github.com/movietracker/movie-tracker/internal/tui/sync.go:144.40,145.28 1 1
github.com/movietracker/movie-tracker/internal/tui/sync.go:145.28,147.3 1 0
github.com/movietracker/movie-tracker/internal/tui/sync.go:148.2,148.33 1 1
github.com/movietracker/movie-tracker/internal/tui/theme.go:18.41,19.39 1 1
github.com/movietracker/movie-tracker/internal/tui/theme.go:19.39,20.24 1 1
github.com/movietracker/movie-tracker/internal/tui/theme.go:20.24,22.4 1 1
github.com/movietracker/movie-tracker/internal/tui/theme.go:24.2,24.19 1 0
github.com/movietracker/movie-tracker/internal/tui/theme.go:28.39,30.34 2 1
github.com/movietracker/movie-tracker/internal/tui/theme.go:30.34,31.22 1 1
github.com/movietracker/movie-tracker/internal/tui/theme.go:31.22,33.4 1 1
github.com/movietracker/movie-tracker/internal/tui/theme.go:35.2,35.22 1 0
github.com/movietracker/movie-tracker/internal/tui/theme.go:39.39,41.34 2 0
github.com/movietracker/movie-tracker/internal/tui/theme.go:41.34,42.22 1 0
github.com/movietracker/movie-tracker/internal/tui/theme.go:42.22,44.4 1 0
github.com/movietracker/movie-tracker/internal/tui/theme.go:46.2,46.22 1 0
github.com/movietracker/movie-tracker/internal/tui/theme.go:50.48,51.30 1 1
github.com/movietracker/movie-tracker/internal/tui/theme.go:52.15,60.4 1 1
github.com/movietracker/movie-tracker/internal/tui/theme.go:61.16,69.4 1 0
github.com/movietracker/movie-tracker/internal/tui/theme.go:70.10,78.4 1 1
github.com/movietracker/movie-tracker/internal/tui/tmdb.go:35.40,36.23 1 0
github.com/movietracker/movie-tracker/internal/tui/tmdb.go:36.23,38.3 1 0
github.com/movietracker/movie-tracker/internal/tui/tmdb.go:39.2,39.23 1 0
github.com/movietracker/movie-tracker/internal/tui/tmdb.go:42.46,44.20 2 0
github.com/movietracker/movie-tracker/internal/tui/tmdb.go:44.20,46.3 1 0
github.com/movietracker/movie-tracker/internal/tui/tmdb.go:47.2,47.24 1 0
github.com/movietracker/movie-tracker/internal/tui/tmdb.go:47.24,49.3 1 0
github.com/movietracker/movie-tracker/internal/tui/tmdb.go:50.2,50.17 1 0
github.com/movietracker/movie-tracker/internal/tui/tmdb.go:53.46,55.2 1 0
github.com/movietracker/movie-tracker/internal/tui/tmdb.go:57.56,58.25 1 0
github.com/movietracker/movie-tracker/internal/tui/tmdb.go:58.25,61.3 2 0
github.com/movietracker/movie-tracker/internal/tui/tmdb.go:62.2,70.27 9 0
github.com/movietracker/movie-tracker/internal/tui/tmdb.go:73.52,77.24 4 0
github.com/movietracker/movie-tracker/internal/tui/tmdb.go:77.24,82.3 4 0
github.com/movietracker/movie-tracker/internal/tui/tmdb.go:85.75,86.21 1 0
github.com/movietracker/movie-tracker/internal/tui/tmdb.go:86.21,88.3 1 0
github.com/movietracker/movie-tracker/internal/tui/tmdb.go:90.2,90.22 1 0
github.com/movietracker/movie-tracker/internal/tui/tmdb.go:91.13,97.16 6 0
github.com/movietracker/movie-tracker/internal/tui/tmdb.go:98.15,99.33 1 0
github.com/movietracker/movie-tracker/internal/tui/tmdb.go:99.33,100.69 1 0
github.com/movietracker/movie-tracker/internal/tui/tmdb.go:100.69,102.5 1 0
github.com/movietracker/movie-tracker/internal/tui/tmdb.go:104.3,105.21 2 0
github.com/movietracker/movie-tracker/internal/tui/tmdb.go:105.21,108.4 2 0
github.com/movietracker/movie-tracker/internal/tui/tmdb.go:109.3,111.35 3 0
github.com/movietracker/movie-tracker/internal/tui/tmdb.go:112.30,113.34 1 0
github.com/movietracker/movie-tracker/internal/tui/tmdb.go:113.34,117.4 3 0
github.com/movietracker/movie-tracker/internal/tui/tmdb.go:118.3,120.16 3 0
github.com/movietracker/movie-tracker/internal/tui/tmdb.go:123.2,125.15 3 0
github.com/movietracker/movie-tracker/internal/tui/tmdb.go:128.82,130.21 2 0
github.com/movietracker/movie-tracker/internal/tui/tmdb.go:130.21,132.3 1 0
github.com/movietracker/movie-tracker/internal/tui/tmdb.go:132.8,134.3 1 0
github.com/movietracker/movie-tracker/internal/tui/tmdb.go:135.2,142.15 8 0
github.com/movietracker/movie-tracker/internal/tui/tmdb.go:145.86,147.20 2 0
github.com/movietracker/movie-tracker/internal/tui/tmdb.go:147.20,150.3 2 0
github.com/movietracker/movie-tracker/internal/tui/tmdb.go:151.2,151.27 1 0
github.com/movietracker/movie-tracker/internal/tui/tmdb.go:151.27,156.3 4 0
github.com/movietracker/movie-tracker/internal/tui/tmdb.go:158.2,160.37 3 0
github.com/movietracker/movie-tracker/internal/tui/tmdb.go:160.37,162.3 1 0
github.com/movietracker/movie-tracker/internal/tui/tmdb.go:163.2,164.20 2 0
github.com/movietracker/movie-tracker/internal/tui/tmdb.go:164.20,166.3 1 0
github.com/movietracker/movie-tracker/internal/tui/tmdb.go:167.2,168.15 2 0
github.com/movietracker/movie-tracker/internal/tui/view.go:14.30,25.18 3 0
github.com/movietracker/movie-tracker/internal/tui/view.go:25.18,27.3 1 0
github.com/movietracker/movie-tracker/internal/tui/view.go:29.2,29.66 1 0
github.com/movietracker/movie-tracker/internal/tui/view.go:32.36,38.2 5 0
github.com/movietracker/movie-tracker/internal/tui/view.go:40.46,41.30 1 0
github.com/movietracker/movie-tracker/internal/tui/view.go:41.30,43.3 1 0
github.com/movietracker/movie-tracker/internal/tui/view.go:44.2,44.62 1 0
github.com/movietracker/movie-tracker/internal/tui/view.go:44.62,46.3 1 0
github.com/movietracker/movie-tracker/internal/tui/view.go:47.2,47.39 1 0
github.com/movietracker/movie-tracker/internal/tui/view.go:50.36,54.17 4 0
github.com/movietracker/movie-tracker/internal/tui/view.go:55.19,56.34 1 0
github.com/movietracker/movie-tracker/internal/tui/view.go:57.22,58.37 1 0
github.com/movietracker/movie-tracker/internal/tui/view.go:59.24,60.39 1 0
github.com/movietracker/movie-tracker/internal/tui/view.go:61.18,62.33 1 0
github.com/movietracker/movie-tracker/internal/tui/view.go:63.21,64.36 1 0
github.com/movietracker/movie-tracker/internal/tui/view.go:65.18,66.33 1 0
github.com/movietracker/movie-tracker/internal/tui/view.go:67.21,68.36 1 0
github.com/movietracker/movie-tracker/internal/tui/view.go:69.26,70.37 1 0
github.com/movietracker/movie-tracker/internal/tui/view.go:72.2,72.20 1 0
github.com/movietracker/movie-tracker/internal/tui/view.go:72.20,74.3 1 0
github.com/movietracker/movie-tracker/internal/tui/view.go:75.2,75.30 1 0
github.com/movietracker/movie-tracker/internal/tui/view.go:78.40,79.32 1 1
github.com/movietracker/movie-tracker/internal/tui/view.go:79.32,81.3 1 1
github.com/movietracker/movie-tracker/internal/tui/view.go:82.2,82.22 1 1
github.com/movietracker/movie-tracker/internal/tui/view.go:83.25,84.33 1 1
github.com/movietracker/movie-tracker/internal/tui/view.go:85.23,87.19 2 1
github.com/movietracker/movie-tracker/internal/tui/view.go:87.19,89.4 1 0
github.com/movietracker/movie-tracker/internal/tui/view.go:90.3,90.62 1 1
github.com/movietracker/movie-tracker/internal/tui/view.go:91.25,92.50 1 1
github.com/movietracker/movie-tracker/internal/tui/view.go:93.27,94.68 1 0
github.com/movietracker/movie-tracker/internal/tui/view.go:95.24,96.34 1 0
github.com/movietracker/movie-tracker/internal/tui/view.go:97.10,98.26 1 0
github.com/movietracker/movie-tracker/internal/tui/view.go:98.26,100.4 1 0
github.com/movietracker/movie-tracker/internal/tui/view.go:101.3,101.25 1 0
github.com/movietracker/movie-tracker/internal/tui/view.go:101.25,103.4 1 0
github.com/movietracker/movie-tracker/internal/tui/view.go:104.3,104.31 1 0
github.com/movietracker/movie-tracker/internal/tui/view.go:108.44,109.22 1 1
github.com/movietracker/movie-tracker/internal/tui/view.go:109.22,111.3 1 1
github.com/movietracker/movie-tracker/internal/tui/view.go:112.2,112.14 1 0
github.com/movietracker/movie-tracker/internal/tui/view.go:112.14,114.3 1 0
github.com/movietracker/movie-tracker/internal/tui/view.go:115.2,115.29 1 0
github.com/movietracker/movie-tracker/internal/tui/view.go:118.34,119.17 1 0
github.com/movietracker/movie-tracker/internal/tui/view.go:120.19,121.24 1 0
github.com/movietracker/movie-tracker/internal/tui/view.go:122.21,123.23 1 0
github.com/movietracker/movie-tracker/internal/tui/view.go:124.22,125.27 1 0
github.com/movietracker/movie-tracker/internal/tui/view.go:126.22,127.27 1 0
github.com/movietracker/movie-tracker/internal/tui/view.go:128.24,129.29 1 0
github.com/movietracker/movie-tracker/internal/tui/view.go:130.18,131.23 1 0
github.com/movietracker/movie-tracker/internal/tui/view.go:132.21,133.26 1 0
github.com/movietracker/movie-tracker/internal/tui/view.go:134.18,135.23 1 0
github.com/movietracker/movie-tracker/internal/tui/view.go:136.21,137.26 1 0
github.com/movietracker/movie-tracker/internal/tui/view.go:138.17,139.22 1 0
github.com/movietracker/movie-tracker/internal/tui/view.go:140.26,141.27 1 0
github.com/movietracker/movie-tracker/internal/tui/view.go:142.10,143.23 1 0
github.com/movietracker/movie-tracker/internal/tui/view.go:147.36,156.2 2 0
github.com/movietracker/movie-tracker/internal/tui/view.go:158.39,166.30 3 0
github.com/movietracker/movie-tracker/internal/tui/view.go:166.30,168.90 2 0
github.com/movietracker/movie-tracker/internal/tui/view.go:168.90,170.4 1 0
github.com/movietracker/movie-tracker/internal/tui/view.go:171.3,180.12 1 0
github.com/movietracker/movie-tracker/internal/tui/view.go:183.2,184.21 2 0
github.com/movietracker/movie-tracker/internal/tui/view.go:184.21,186.3 1 0
github.com/movietracker/movie-tracker/internal/tui/view.go:187.2,187.34 1 0
github.com/movietracker/movie-tracker/internal/tui/view.go:190.39,192.44 2 0
github.com/movietracker/movie-tracker/internal/tui/view.go:192.44,194.3 1 0
github.com/movietracker/movie-tracker/internal/tui/view.go:196.2,198.19 3 0
github.com/movietracker/movie-tracker/internal/tui/view.go:198.19,201.3 2 0
github.com/movietracker/movie-tracker/internal/tui/view.go:203.2,213.11 1 0
github.com/movietracker/movie-tracker/internal/tui/view.go:216.45,220.19 4 0
github.com/movietracker/movie-tracker/internal/tui/view.go:220.19,223.3 2 0
github.com/movietracker/movie-tracker/internal/tui/view.go:225.2,231.32 2 0
github.com/movietracker/movie-tracker/internal/tui/view.go:231.32,233.3 1 0
github.com/movietracker/movie-tracker/internal/tui/view.go:234.2,235.50 2 0
github.com/movietracker/movie-tracker/internal/tui/view.go:238.41,241.33 3 0
github.com/movietracker/movie-tracker/internal/tui/view.go:241.33,243.31 2 0
github.com/movietracker/movie-tracker/internal/tui/view.go:243.31,245.4 1 0
github.com/movietracker/movie-tracker/internal/tui/view.go:248.2,249.29 2 0
github.com/movietracker/movie-tracker/internal/tui/view.go:249.29,251.3 1 0
github.com/movietracker/movie-tracker/internal/tui/view.go:253.2,255.19 3 0
github.com/movietracker/movie-tracker/internal/tui/view.go:255.19,258.3 2 0
github.com/movietracker/movie-tracker/internal/tui/view.go:260.2,264.38 2 0
github.com/movietracker/movie-tracker/internal/tui/view.go:264.38,266.3 1 0
github.com/movietracker/movie-tracker/internal/tui/view.go:267.2,280.56 2 0
github.com/movietracker/movie-tracker/internal/tui/view.go:283.35,294.26 4 0
github.com/movietracker/movie-tracker/internal/tui/view.go:294.26,296.3 1 0
github.com/movietracker/movie-tracker/internal/tui/view.go:296.8,298.3 1 0
github.com/movietracker/movie-tracker/internal/tui/view.go:300.2,300.31 1 0
github.com/movietracker/movie-tracker/internal/tui/view.go:300.31,302.39 2 0
github.com/movietracker/movie-tracker/internal/tui/view.go:302.39,304.25 2 0
github.com/movietracker/movie-tracker/internal/tui/view.go:304.25,306.5 1 0
github.com/movietracker/movie-tracker/internal/tui/view.go:307.4,307.95 1 0
github.com/movietracker/movie-tracker/internal/tui/view.go:311.2,311.32 1 0
github.com/movietracker/movie-tracker/internal/tui/view.go:311.32,313.40 2 0
github.com/movietracker/movie-tracker/internal/tui/view.go:313.40,315.25 2 0
github.com/movietracker/movie-tracker/internal/tui/view.go:315.25,317.5 1 0
github.com/movietracker/movie-tracker/internal/tui/view.go:318.4,318.95 1 0
github.com/movietracker/movie-tracker/internal/tui/view.go:322.2,322.28 1 0
github.com/movietracker/movie-tracker/internal/tui/view.go:322.28,325.3 2 0
github.com/movietracker/movie-tracker/internal/tui/view.go:327.2,327.28 1 0
github.com/movietracker/movie-tracker/internal/tui/view.go:327.28,329.3 1 0
github.com/movietracker/movie-tracker/internal/tui/view.go:331.2,331.50 1 0
github.com/movietracker/movie-tracker/internal/tui/view.go:334.38,338.19 4 0
github.com/movietracker/movie-tracker/internal/tui/view.go:338.19,341.3 2 0
github.com/movietracker/movie-tracker/internal/tui/view.go:343.2,357.35 3 0
github.com/movietracker/movie-tracker/internal/tui/view.go:357.35,359.3 1 0
github.com/movietracker/movie-tracker/internal/tui/view.go:360.2,361.50 2 0
github.com/movietracker/movie-tracker/internal/tui/view.go:364.35,368.19 4 0
github.com/movietracker/movie-tracker/internal/tui/view.go:368.19,371.3 2 0
github.com/movietracker/movie-tracker/internal/tui/view.go:372.2,372.19 1 0
github.com/movietracker/movie-tracker/internal/tui/view.go:372.19,375.3 2 0
github.com/movietracker/movie-tracker/internal/tui/view.go:377.2,389.11 1 0
github.com/movietracker/movie-tracker/internal/tui/view.go:392.38,396.19 4 0
github.com/movietracker/movie-tracker/internal/tui/view.go:396.19,399.3 2 0
github.com/movietracker/movie-tracker/internal/tui/view.go:400.2,400.19 1 0
github.com/movietracker/movie-tracker/internal/tui/view.go:400.19,403.3 2 0
github.com/movietracker/movie-tracker/internal/tui/view.go:405.2,418.11 1 0
github.com/movietracker/movie-tracker/internal/tui/view.go:421.68,422.23 1 0
github.com/movietracker/movie-tracker/internal/tui/view.go:422.23,424.3 1 0
github.com/movietracker/movie-tracker/internal/tui/view.go:426.2,427.28 2 0
github.com/movietracker/movie-tracker/internal/tui/view.go:427.28,428.25 1 0
github.com/movietracker/movie-tracker/internal/tui/view.go:428.25,430.4 1 0
github.com/movietracker/movie-tracker/internal/tui/view.go:433.2,437.28 4 0
github.com/movietracker/movie-tracker/internal/tui/view.go:437.28,440.19 3 0
github.com/movietracker/movie-tracker/internal/tui/view.go:440.19,442.4 1 0
github.com/movietracker/movie-tracker/internal/tui/view.go:443.3,444.72 2 0
github.com/movietracker/movie-tracker/internal/tui/view.go:446.2,446.34 1 0
github.com/movietracker/movie-tracker/internal/tui/view.go:449.55,450.12 1 0
github.com/movietracker/movie-tracker/internal/tui/view.go:450.12,452.3 1 0
github.com/movietracker/movie-tracker/internal/tui/view.go:453.2,453.36 1 0
github.com/movietracker/movie-tracker/internal/tui/view.go:456.70,457.19 1 0
github.com/movietracker/movie-tracker/internal/tui/view.go:457.19,459.3 1 0
github.com/movietracker/movie-tracker/internal/tui/view.go:460.2,461.14 2 0
github.com/movietracker/movie-tracker/internal/tui/view.go:462.26,463.33 1 0
github.com/movietracker/movie-tracker/internal/tui/view.go:464.28,465.34 1 0
github.com/movietracker/movie-tracker/internal/tui/view.go:466.10,467.34 1 0
github.com/movietracker/movie-tracker/internal/server/backup_handlers.go:16.78,19.16 3 1
github.com/movietracker/movie-tracker/internal/server/backup_handlers.go:19.16,22.3 2 0
github.com/movietracker/movie-tracker/internal/server/backup_handlers.go:23.2,23.34 1 1
github.com/movietracker/movie-tracker/internal/server/backup_handlers.go:27.78,31.48 3 1
github.com/movietracker/movie-tracker/internal/server/backup_handlers.go:31.48,34.3 2 0
github.com/movietracker/movie-tracker/internal/server/backup_handlers.go:35.2,35.81 1 1
github.com/movietracker/movie-tracker/internal/server/backup_handlers.go:35.81,38.3 2 0
github.com/movietracker/movie-tracker/internal/server/backup_handlers.go:39.2,39.64 1 1
github.com/movietracker/movie-tracker/internal/server/backup_handlers.go:43.77,46.16 3 1
github.com/movietracker/movie-tracker/internal/server/backup_handlers.go:46.16,49.3 2 0
github.com/movietracker/movie-tracker/internal/server/backup_handlers.go:50.2,50.36 1 1
github.com/movietracker/movie-tracker/internal/server/backup_handlers.go:54.77,58.48 3 0
github.com/movietracker/movie-tracker/internal/server/backup_handlers.go:58.48,61.3 2 0
github.com/movietracker/movie-tracker/internal/server/backup_handlers.go:62.2,62.80 1 0
github.com/movietracker/movie-tracker/internal/server/backup_handlers.go:62.80,65.3 2 0
github.com/movietracker/movie-tracker/internal/server/backup_handlers.go:66.2,66.64 1 0
github.com/movietracker/movie-tracker/internal/server/backup_handlers.go:70.80,73.16 3 1
github.com/movietracker/movie-tracker/internal/server/backup_handlers.go:73.16,76.3 2 0
github.com/movietracker/movie-tracker/internal/server/backup_handlers.go:77.2,77.32 1 1
github.com/movietracker/movie-tracker/internal/server/backup_handlers.go:77.32,79.3 1 0
github.com/movietracker/movie-tracker/internal/server/backup_handlers.go:80.2,80.39 1 1
github.com/movietracker/movie-tracker/internal/server/backup_handlers.go:84.80,88.48 3 1
github.com/movietracker/movie-tracker/internal/server/backup_handlers.go:88.48,91.3 2 0
github.com/movietracker/movie-tracker/internal/server/backup_handlers.go:92.2,92.83 1 1
github.com/movietracker/movie-tracker/internal/server/backup_handlers.go:92.83,95.3 2 0
github.com/movietracker/movie-tracker/internal/server/backup_handlers.go:96.2,96.64 1 1
github.com/movietracker/movie-tracker/internal/server/context.go:13.70,15.2 1 1
github.com/movietracker/movie-tracker/internal/server/context.go:17.66,20.2 2 1
github.com/movietracker/movie-tracker/internal/server/external_handlers.go:17.74,18.19 1 1
github.com/movietracker/movie-tracker/internal/server/external_handlers.go:18.19,21.3 2 1
github.com/movietracker/movie-tracker/internal/server/external_handlers.go:23.2,24.17 2 1
github.com/movietracker/movie-tracker/internal/server/external_handlers.go:24.17,27.3 2 1
github.com/movietracker/movie-tracker/internal/server/external_handlers.go:29.2,30.57 2 1
github.com/movietracker/movie-tracker/internal/server/external_handlers.go:30.57,32.17 2 1
github.com/movietracker/movie-tracker/internal/server/external_handlers.go:32.17,35.4 2 0
github.com/movietracker/movie-tracker/internal/server/external_handlers.go:36.3,36.16 1 1
github.com/movietracker/movie-tracker/internal/server/external_handlers.go:39.2,40.16 2 1
github.com/movietracker/movie-tracker/internal/server/external_handlers.go:40.16,43.3 2 0
github.com/movietracker/movie-tracker/internal/server/external_handlers.go:45.2,45.68 1 1
github.com/movietracker/movie-tracker/internal/server/handlers.go:14.72,19.48 2 1
github.com/movietracker/movie-tracker/internal/server/handlers.go:19.48,22.3 2 1
github.com/movietracker/movie-tracker/internal/server/handlers.go:24.2,25.16 2 1
github.com/movietracker/movie-tracker/internal/server/handlers.go:25.16,28.3 2 1
github.com/movietracker/movie-tracker/internal/server/handlers.go:30.2,30.40 1 1
github.com/movietracker/movie-tracker/internal/server/handlers.go:34.69,39.48 2 1
github.com/movietracker/movie-tracker/internal/server/handlers.go:39.48,42.3 2 1
github.com/movietracker/movie-tracker/internal/server/handlers.go:44.2,45.16 2 1
github.com/movietracker/movie-tracker/internal/server/handlers.go:45.16,48.3 2 1
github.com/movietracker/movie-tracker/internal/server/handlers.go:50.2,50.35 1 1
github.com/movietracker/movie-tracker/internal/server/handlers.go:54.71,58.48 2 1
github.com/movietracker/movie-tracker/internal/server/handlers.go:58.48,61.3 2 0
github.com/movietracker/movie-tracker/internal/server/handlers.go:63.2,64.16 2 1
github.com/movietracker/movie-tracker/internal/server/handlers.go:64.16,67.3 2 1
github.com/movietracker/movie-tracker/internal/server/handlers.go:69.2,69.35 1 1
github.com/movietracker/movie-tracker/internal/server/handlers.go:73.66,75.9 2 1
github.com/movietracker/movie-tracker/internal/server/handlers.go:75.9,78.3 2 0
github.com/movietracker/movie-tracker/internal/server/handlers.go:79.2,82.4 1 1
github.com/movietracker/movie-tracker/internal/server/health.go:14.60,19.2 1 1
github.com/movietracker/movie-tracker/internal/server/middleware.go:16.67,17.71 1 1
github.com/movietracker/movie-tracker/internal/server/middleware.go:17.71,19.44 2 1
github.com/movietracker/movie-tracker/internal/server/middleware.go:19.44,22.4 2 1
github.com/movietracker/movie-tracker/internal/server/middleware.go:24.3,25.17 2 1
github.com/movietracker/movie-tracker/internal/server/middleware.go:25.17,28.4 2 1
github.com/movietracker/movie-tracker/internal/server/middleware.go:30.3,30.68 1 1
github.com/movietracker/movie-tracker/internal/server/middleware.go:35.54,36.71 1 1
github.com/movietracker/movie-tracker/internal/server/middleware.go:36.71,41.3 4 1
github.com/movietracker/movie-tracker/internal/server/middleware.go:47.96,57.12 4 1
github.com/movietracker/movie-tracker/internal/server/middleware.go:57.12,60.22 3 1
github.com/movietracker/movie-tracker/internal/server/middleware.go:60.22,62.32 2 0
github.com/movietracker/movie-tracker/internal/server/middleware.go:62.32,63.47 1 0
github.com/movietracker/movie-tracker/internal/server/middleware.go:63.47,65.6 1 0
github.com/movietracker/movie-tracker/internal/server/middleware.go:67.4,67.15 1 0
github.com/movietracker/movie-tracker/internal/server/middleware.go:71.2,71.46 1 1
github.com/movietracker/movie-tracker/internal/server/middleware.go:71.46,75.10 4 1
github.com/movietracker/movie-tracker/internal/server/middleware.go:75.10,78.4 2 1
github.com/movietracker/movie-tracker/internal/server/middleware.go:79.3,80.19 2 1
github.com/movietracker/movie-tracker/internal/server/middleware.go:83.2,83.46 1 1
github.com/movietracker/movie-tracker/internal/server/middleware.go:83.46,84.72 1 1
github.com/movietracker/movie-tracker/internal/server/middleware.go:84.72,85.54 1 1
github.com/movietracker/movie-tracker/internal/server/middleware.go:85.54,88.5 2 1
github.com/movietracker/movie-tracker/internal/server/middleware.go:89.4,89.24 1 1
github.com/movietracker/movie-tracker/internal/server/middleware.go:94.58,95.18 1 1
github.com/movietracker/movie-tracker/internal/server/middleware.go:95.18,96.56 1 1
github.com/movietracker/movie-tracker/internal/server/middleware.go:96.56,97.48 1 1
github.com/movietracker/movie-tracker/internal/server/middleware.go:97.48,99.5 1 0
github.com/movietracker/movie-tracker/internal/server/middleware.go:100.4,100.33 1 1
github.com/movietracker/movie-tracker/internal/server/middleware.go:103.2,104.51 2 1
github.com/movietracker/movie-tracker/internal/server/middleware.go:104.51,106.3 1 1
github.com/movietracker/movie-tracker/internal/server/middleware.go:107.2,107.13 1 1
github.com/movietracker/movie-tracker/internal/server/movie_handlers.go:20.67,25.2 1 1
github.com/movietracker/movie-tracker/internal/server/movie_handlers.go:28.69,33.18 4 1
[...]
github.com/movietracker/movie-tracker/internal/tmdb/client.go:90.2,90.91 1 1
github.com/movietracker/movie-tracker/internal/tmdb/client.go:90.91,92.3 1 0
github.com/movietracker/movie-tracker/internal/tmdb/client.go:93.2,93.38 1 1
github.com/movietracker/movie-tracker/internal/tmdb/client.go:93.38,95.3 1 0
github.com/movietracker/movie-tracker/internal/tmdb/client.go:97.2,106.55 2 1
github.com/movietracker/movie-tracker/internal/tmdb/client.go:106.55,108.3 1 0
github.com/movietracker/movie-tracker/internal/tmdb/client.go:110.2,111.39 2 1
github.com/movietracker/movie-tracker/internal/tmdb/client.go:111.39,119.3 1 1
github.com/movietracker/movie-tracker/internal/tmdb/client.go:120.2,120.21 1 1
github.com/movietracker/movie-tracker/internal/tmdb/client.go:123.47,124.26 1 1
github.com/movietracker/movie-tracker/internal/tmdb/client.go:124.26,126.3 1 0
github.com/movietracker/movie-tracker/internal/tmdb/client.go:127.2,128.16 2 1
github.com/movietracker/movie-tracker/internal/tmdb/client.go:128.16,130.3 1 0
github.com/movietracker/movie-tracker/internal/tmdb/client.go:131.2,131.13 1 1
github.com/movietracker/movie-tracker/internal/sync/conflict.go:9.54,13.2 1 1
github.com/movietracker/movie-tracker/internal/sync/conflict.go:15.65,18.33 1 1
github.com/movietracker/movie-tracker/internal/sync/conflict.go:18.33,20.3 1 0
github.com/movietracker/movie-tracker/internal/sync/conflict.go:21.2,21.49 1 1
github.com/movietracker/movie-tracker/internal/sync/conflict.go:21.49,23.3 1 1
github.com/movietracker/movie-tracker/internal/sync/conflict.go:24.2,24.57 1 0
github.com/movietracker/movie-tracker/internal/sync/conflict.go:27.40,28.26 1 1
github.com/movietracker/movie-tracker/internal/sync/conflict.go:28.26,30.3 1 0
github.com/movietracker/movie-tracker/internal/sync/conflict.go:31.2,31.26 1 1
github.com/movietracker/movie-tracker/internal/sync/conflict.go:31.26,33.3 1 0
github.com/movietracker/movie-tracker/internal/sync/conflict.go:34.2,34.17 1 1
github.com/movietracker/movie-tracker/internal/sync/conflict.go:37.41,38.26 1 1
github.com/movietracker/movie-tracker/internal/sync/conflict.go:38.26,40.3 1 0
github.com/movietracker/movie-tracker/internal/sync/conflict.go:41.2,41.26 1 1
github.com/movietracker/movie-tracker/internal/sync/conflict.go:41.26,43.3 1 0
github.com/movietracker/movie-tracker/internal/sync/conflict.go:44.2,44.31 1 1
github.com/movietracker/movie-tracker/internal/sync/hybrid_client.go:33.221,43.2 1 0
github.com/movietracker/movie-tracker/internal/sync/hybrid_client.go:45.75,46.21 1 0
github.com/movietracker/movie-tracker/internal/sync/hybrid_client.go:46.21,48.3 1 0
github.com/movietracker/movie-tracker/internal/sync/hybrid_client.go:49.2,49.25 1 0
github.com/movietracker/movie-tracker/internal/sync/hybrid_client.go:52.49,53.26 1 0
github.com/movietracker/movie-tracker/internal/sync/hybrid_client.go:53.26,55.3 1 0
github.com/movietracker/movie-tracker/internal/sync/hybrid_client.go:56.2,56.11 1 0
github.com/movietracker/movie-tracker/internal/sync/hybrid_client.go:59.36,60.54 1 0
github.com/movietracker/movie-tracker/internal/sync/hybrid_client.go:60.54,62.3 1 0
github.com/movietracker/movie-tracker/internal/sync/hybrid_client.go:65.99,67.16 2 0
github.com/movietracker/movie-tracker/internal/sync/hybrid_client.go:67.16,69.3 1 0
github.com/movietracker/movie-tracker/internal/sync/hybrid_client.go:70.2,73.16 4 0
github.com/movietracker/movie-tracker/internal/sync/hybrid_client.go:73.16,75.3 1 0
github.com/movietracker/movie-tracker/internal/sync/hybrid_client.go:76.2,76.65 1 0
github.com/movietracker/movie-tracker/internal/sync/hybrid_client.go:76.65,78.3 1 0
github.com/movietracker/movie-tracker/internal/sync/hybrid_client.go:79.2,80.21 2 0
github.com/movietracker/movie-tracker/internal/sync/hybrid_client.go:83.87,85.2 1 0
github.com/movietracker/movie-tracker/internal/sync/hybrid_client.go:87.95,89.2 1 0
github.com/movietracker/movie-tracker/internal/sync/hybrid_client.go:91.115,93.2 1 0
github.com/movietracker/movie-tracker/internal/sync/hybrid_client.go:95.99,98.16 3 0
github.com/movietracker/movie-tracker/internal/sync/hybrid_client.go:98.16,100.3 1 0
github.com/movietracker/movie-tracker/internal/sync/hybrid_client.go:101.2,101.65 1 0
github.com/movietracker/movie-tracker/internal/sync/hybrid_client.go:101.65,103.3 1 0
github.com/movietracker/movie-tracker/internal/sync/hybrid_client.go:104.2,105.21 2 0
github.com/movietracker/movie-tracker/internal/sync/hybrid_client.go:108.74,109.58 1 0
github.com/movietracker/movie-tracker/internal/sync/hybrid_client.go:109.58,111.3 1 0
github.com/movietracker/movie-tracker/internal/sync/hybrid_client.go:112.2,112.53 1 0
github.com/movietracker/movie-tracker/internal/sync/hybrid_client.go:112.53,114.3 1 0
github.com/movietracker/movie-tracker/internal/sync/hybrid_client.go:115.2,116.12 2 0
github.com/movietracker/movie-tracker/internal/sync/hybrid_client.go:119.112,122.16 3 0
github.com/movietracker/movie-tracker/internal/sync/hybrid_client.go:122.16,124.3 1 0
github.com/movietracker/movie-tracker/internal/sync/hybrid_client.go:125.2,125.73 1 0
github.com/movietracker/movie-tracker/internal/sync/hybrid_client.go:125.73,127.3 1 0
github.com/movietracker/movie-tracker/internal/sync/hybrid_client.go:128.2,129.19 2 0
github.com/movietracker/movie-tracker/internal/sync/hybrid_client.go:132.102,134.2 1 0
github.com/movietracker/movie-tracker/internal/sync/hybrid_client.go:136.91,138.2 1 0
github.com/movietracker/movie-tracker/internal/sync/retry.go:19.60,23.53 3 1
github.com/movietracker/movie-tracker/internal/sync/retry.go:23.53,24.35 1 1
github.com/movietracker/movie-tracker/internal/sync/retry.go:24.35,26.4 1 0
github.com/movietracker/movie-tracker/internal/sync/retry.go:28.3,29.21 2 1
github.com/movietracker/movie-tracker/internal/sync/retry.go:29.21,31.4 1 1
github.com/movietracker/movie-tracker/internal/sync/retry.go:32.3,32.28 1 1
github.com/movietracker/movie-tracker/internal/sync/retry.go:32.28,34.4 1 1
github.com/movietracker/movie-tracker/internal/sync/retry.go:35.3,35.31 1 1
github.com/movietracker/movie-tracker/internal/sync/retry.go:35.31,36.9 1 0
github.com/movietracker/movie-tracker/internal/sync/retry.go:39.3,40.10 2 1
github.com/movietracker/movie-tracker/internal/sync/retry.go:41.21,43.20 2 0
github.com/movietracker/movie-tracker/internal/sync/retry.go:44.18,44.18 0 1
github.com/movietracker/movie-tracker/internal/sync/retry.go:47.3,48.21 2 1
github.com/movietracker/movie-tracker/internal/sync/retry.go:48.21,50.4 1 0
github.com/movietracker/movie-tracker/internal/sync/retry.go:53.2,53.16 1 0
github.com/movietracker/movie-tracker/internal/sync/retry.go:57.34,58.16 1 1
github.com/movietracker/movie-tracker/internal/sync/retry.go:58.16,60.3 1 0
github.com/movietracker/movie-tracker/internal/sync/retry.go:61.2,61.42 1 1
github.com/movietracker/movie-tracker/internal/sync/retry.go:61.42,63.3 1 1
github.com/movietracker/movie-tracker/internal/sync/retry.go:64.2,65.32 2 1
github.com/movietracker/movie-tracker/internal/sync/service.go:59.12,70.2 1 1
github.com/movietracker/movie-tracker/internal/sync/service.go:85.60,89.40 3 1
github.com/movietracker/movie-tracker/internal/sync/service.go:89.40,91.3 1 0
github.com/movietracker/movie-tracker/internal/sync/service.go:93.2,94.91 2 1
github.com/movietracker/movie-tracker/internal/sync/service.go:94.91,96.3 1 0
github.com/movietracker/movie-tracker/internal/sync/service.go:98.2,99.37 2 1
github.com/movietracker/movie-tracker/internal/sync/service.go:99.37,102.17 3 1
github.com/movietracker/movie-tracker/internal/sync/service.go:102.17,104.4 1 0
github.com/movietracker/movie-tracker/internal/sync/service.go:106.3,107.48 2 1
github.com/movietracker/movie-tracker/internal/sync/service.go:107.48,110.25 3 0
github.com/movietracker/movie-tracker/internal/sync/service.go:110.25,112.5 1 0
github.com/movietracker/movie-tracker/internal/sync/service.go:113.4,113.69 1 0
github.com/movietracker/movie-tracker/internal/sync/service.go:115.3,115.17 1 1
github.com/movietracker/movie-tracker/internal/sync/service.go:115.17,117.4 1 0
github.com/movietracker/movie-tracker/internal/sync/service.go:119.3,123.32 4 1
github.com/movietracker/movie-tracker/internal/sync/service.go:123.32,124.90 1 1
github.com/movietracker/movie-tracker/internal/sync/service.go:124.90,126.5 1 0
github.com/movietracker/movie-tracker/internal/sync/service.go:128.3,128.33 1 1
github.com/movietracker/movie-tracker/internal/sync/service.go:128.33,129.91 1 0
github.com/movietracker/movie-tracker/internal/sync/service.go:129.91,131.5 1 0
github.com/movietracker/movie-tracker/internal/sync/service.go:133.3,133.50 1 1
github.com/movietracker/movie-tracker/internal/sync/service.go:133.50,134.106 1 0
github.com/movietracker/movie-tracker/internal/sync/service.go:134.106,136.5 1 0
github.com/movietracker/movie-tracker/internal/sync/service.go:139.3,140.48 2 1
github.com/movietracker/movie-tracker/internal/sync/service.go:140.48,143.25 3 0
github.com/movietracker/movie-tracker/internal/sync/service.go:143.25,145.5 1 0
github.com/movietracker/movie-tracker/internal/sync/service.go:146.4,146.50 1 0
github.com/movietracker/movie-tracker/internal/sync/service.go:148.3,148.17 1 1
github.com/movietracker/movie-tracker/internal/sync/service.go:148.17,150.4 1 0
github.com/movietracker/movie-tracker/internal/sync/service.go:152.3,153.17 2 1
github.com/movietracker/movie-tracker/internal/sync/service.go:153.17,155.4 1 0
github.com/movietracker/movie-tracker/internal/sync/service.go:156.3,156.34 1 1
github.com/movietracker/movie-tracker/internal/sync/service.go:156.34,157.82 1 0
github.com/movietracker/movie-tracker/internal/sync/service.go:157.82,159.5 1 0
github.com/movietracker/movie-tracker/internal/sync/service.go:162.3,162.39 1 1
github.com/movietracker/movie-tracker/internal/sync/service.go:162.39,164.18 2 1
github.com/movietracker/movie-tracker/internal/sync/service.go:164.18,166.5 1 0
github.com/movietracker/movie-tracker/internal/sync/service.go:167.4,167.21 1 1
github.com/movietracker/movie-tracker/internal/sync/service.go:167.21,168.13 1 0
github.com/movietracker/movie-tracker/internal/sync/service.go:170.4,170.68 1 1
github.com/movietracker/movie-tracker/internal/sync/service.go:170.68,172.5 1 0
github.com/movietracker/movie-tracker/internal/sync/service.go:173.4,174.18 2 1
github.com/movietracker/movie-tracker/internal/sync/service.go:174.18,176.5 1 0
github.com/movietracker/movie-tracker/internal/sync/service.go:177.4,177.15 1 1
github.com/movietracker/movie-tracker/internal/sync/service.go:177.15,179.5 1 0
github.com/movietracker/movie-tracker/internal/sync/service.go:182.3,182.45 1 1
github.com/movietracker/movie-tracker/internal/sync/service.go:182.45,184.18 2 0
github.com/movietracker/movie-tracker/internal/sync/service.go:184.18,186.5 1 0
github.com/movietracker/movie-tracker/internal/sync/service.go:187.4,187.21 1 0
github.com/movietracker/movie-tracker/internal/sync/service.go:187.21,188.13 1 0
github.com/movietracker/movie-tracker/internal/sync/service.go:190.4,190.68 1 0
github.com/movietracker/movie-tracker/internal/sync/service.go:190.68,192.5 1 0
github.com/movietracker/movie-tracker/internal/sync/service.go:193.4,194.18 2 0
github.com/movietracker/movie-tracker/internal/sync/service.go:194.18,196.5 1 0
github.com/movietracker/movie-tracker/internal/sync/service.go:197.4,197.15 1 0
github.com/movietracker/movie-tracker/internal/sync/service.go:197.15,199.5 1 0
github.com/movietracker/movie-tracker/internal/sync/service.go:202.3,203.17 2 1
github.com/movietracker/movie-tracker/internal/sync/service.go:203.17,205.4 1 0
github.com/movietracker/movie-tracker/internal/sync/service.go:206.3,210.27 5 1
github.com/movietracker/movie-tracker/internal/sync/service.go:210.27,211.91 1 1
github.com/movietracker/movie-tracker/internal/sync/service.go:211.91,213.5 1 0
github.com/movietracker/movie-tracker/internal/sync/service.go:214.4,214.30 1 1
github.com/movietracker/movie-tracker/internal/sync/service.go:216.3,216.62 1 1
github.com/movietracker/movie-tracker/internal/sync/service.go:216.62,218.4 1 0
github.com/movietracker/movie-tracker/internal/sync/service.go:220.3,221.17 2 1
github.com/movietracker/movie-tracker/internal/sync/service.go:221.17,223.4 1 0
github.com/movietracker/movie-tracker/internal/sync/service.go:224.3,226.17 3 1
github.com/movietracker/movie-tracker/internal/sync/service.go:226.17,228.4 1 0
github.com/movietracker/movie-tracker/internal/sync/service.go:229.3,230.13 2 1
github.com/movietracker/movie-tracker/internal/sync/service.go:232.2,232.16 1 1
github.com/movietracker/movie-tracker/internal/sync/service.go:232.16,238.3 5 0
github.com/movietracker/movie-tracker/internal/sync/service.go:239.2,239.20 1 1
github.com/movietracker/movie-tracker/internal/sync/service.go:243.66,245.2 1 0
github.com/movietracker/movie-tracker/internal/sync/service.go:248.67,250.2 1 0
github.com/movietracker/movie-tracker/internal/sync/service.go:253.85,255.2 1 0
github.com/movietracker/movie-tracker/internal/sync/service.go:258.81,260.2 1 0
github.com/movietracker/movie-tracker/internal/sync/service.go:263.87,265.2 1 0
github.com/movietracker/movie-tracker/internal/sync/service.go:268.63,270.16 2 1
github.com/movietracker/movie-tracker/internal/sync/service.go:270.16,272.3 1 0
github.com/movietracker/movie-tracker/internal/sync/service.go:273.2,273.25 1 1
github.com/movietracker/movie-tracker/internal/sync/service.go:273.25,275.33 2 1
github.com/movietracker/movie-tracker/internal/sync/service.go:275.33,277.4 1 1
github.com/movietracker/movie-tracker/internal/sync/service.go:279.2,279.25 1 0
github.com/movietracker/movie-tracker/internal/sync/service.go:282.126,284.16 2 1
github.com/movietracker/movie-tracker/internal/sync/service.go:284.16,286.3 1 0
github.com/movietracker/movie-tracker/internal/sync/service.go:288.2,289.16 2 1
github.com/movietracker/movie-tracker/internal/sync/service.go:289.16,291.3 1 0
github.com/movietracker/movie-tracker/internal/sync/service.go:293.2,297.31 4 1
github.com/movietracker/movie-tracker/internal/sync/service.go:297.31,298.26 1 1
github.com/movietracker/movie-tracker/internal/sync/service.go:299.38,300.34 1 1
github.com/movietracker/movie-tracker/internal/sync/service.go:301.43,302.39 1 0
github.com/movietracker/movie-tracker/internal/sync/service.go:303.39,304.52 1 0
github.com/movietracker/movie-tracker/internal/sync/service.go:304.52,306.5 1 0
github.com/movietracker/movie-tracker/internal/sync/service.go:310.2,310.26 1 1
github.com/movietracker/movie-tracker/internal/sync/service.go:310.26,312.17 2 1
github.com/movietracker/movie-tracker/internal/sync/service.go:312.17,314.4 1 0
github.com/movietracker/movie-tracker/internal/sync/service.go:315.3,315.37 1 1
github.com/movietracker/movie-tracker/internal/sync/service.go:315.37,317.4 1 1
github.com/movietracker/movie-tracker/internal/sync/service.go:320.2,321.27 2 1
github.com/movietracker/movie-tracker/internal/sync/service.go:321.27,323.17 2 1
github.com/movietracker/movie-tracker/internal/sync/service.go:323.17,324.12 1 0
github.com/movietracker/movie-tracker/internal/sync/service.go:326.3,328.33 3 1
github.com/movietracker/movie-tracker/internal/sync/service.go:331.2,332.32 2 1
github.com/movietracker/movie-tracker/internal/sync/service.go:332.32,334.17 2 0
github.com/movietracker/movie-tracker/internal/sync/service.go:334.17,335.12 1 0
github.com/movietracker/movie-tracker/internal/sync/service.go:337.3,338.35 2 0
github.com/movietracker/movie-tracker/internal/sync/service.go:341.2,341.26 1 1
github.com/movietracker/movie-tracker/internal/sync/service.go:341.26,342.32 1 1
github.com/movietracker/movie-tracker/internal/sync/service.go:342.32,344.18 2 1
github.com/movietracker/movie-tracker/internal/sync/service.go:344.18,347.5 2 0
github.com/movietracker/movie-tracker/internal/sync/service.go:351.2,352.27 2 1
github.com/movietracker/movie-tracker/internal/sync/service.go:352.27,354.3 1 1
github.com/movietracker/movie-tracker/internal/sync/service.go:356.2,362.31 1 1
github.com/movietracker/movie-tracker/internal/sync/service.go:366.79,368.2 1 0
github.com/movietracker/movie-tracker/internal/sync/service.go:371.84,373.2 1 0
github.com/movietracker/movie-tracker/internal/sync/service.go:376.80,378.2 1 0
github.com/movietracker/movie-tracker/internal/sync/service.go:381.98,383.2 1 0
github.com/movietracker/movie-tracker/internal/sync/service.go:385.94,387.16 2 0
github.com/movietracker/movie-tracker/internal/sync/service.go:387.16,389.3 1 0
github.com/movietracker/movie-tracker/internal/sync/service.go:390.2,392.23 3 0
github.com/movietracker/movie-tracker/internal/sync/service.go:392.23,394.3 1 0
github.com/movietracker/movie-tracker/internal/sync/service.go:395.2,395.23 1 0
github.com/movietracker/movie-tracker/internal/sync/service.go:398.37,399.26 1 1
github.com/movietracker/movie-tracker/internal/sync/service.go:399.26,401.3 1 1
github.com/movietracker/movie-tracker/internal/sync/service.go:402.2,402.11 1 0
github.com/movietracker/movie-tracker/internal/sync/service.go:405.75,406.20 1 1
github.com/movietracker/movie-tracker/internal/sync/service.go:406.20,408.3 1 0
github.com/movietracker/movie-tracker/internal/sync/service.go:409.2,409.51 1 1
github.com/movietracker/movie-tracker/internal/sync/service.go:412.122,414.24 2 1
github.com/movietracker/movie-tracker/internal/sync/service.go:414.24,416.3 1 0
github.com/movietracker/movie-tracker/internal/sync/service.go:418.2,419.48 2 1
github.com/movietracker/movie-tracker/internal/sync/service.go:419.48,421.3 1 1
github.com/movietracker/movie-tracker/internal/sync/service.go:422.2,422.16 1 1
github.com/movietracker/movie-tracker/internal/sync/service.go:422.16,424.3 1 0
github.com/movietracker/movie-tracker/internal/sync/service.go:426.2,426.36 1 1
github.com/movietracker/movie-tracker/internal/sync/service.go:426.36,428.3 1 1
github.com/movietracker/movie-tracker/internal/sync/service.go:430.2,430.119 1 1
github.com/movietracker/movie-tracker/internal/sync/service.go:430.119,432.3 1 1
github.com/movietracker/movie-tracker/internal/sync/service.go:433.2,433.46 1 0
github.com/movietracker/movie-tracker/internal/sync/service.go:436.132,438.24 2 1
github.com/movietracker/movie-tracker/internal/sync/service.go:438.24,440.3 1 0
github.com/movietracker/movie-tracker/internal/sync/service.go:442.2,443.53 2 1
github.com/movietracker/movie-tracker/internal/sync/service.go:443.53,445.3 1 0
github.com/movietracker/movie-tracker/internal/sync/service.go:446.2,446.16 1 1
github.com/movietracker/movie-tracker/internal/sync/service.go:446.16,448.3 1 0
github.com/movietracker/movie-tracker/internal/sync/service.go:450.2,450.42 1 1
github.com/movietracker/movie-tracker/internal/sync/service.go:450.42,452.3 1 0
github.com/movietracker/movie-tracker/internal/sync/service.go:454.2,454.129 1 1
github.com/movietracker/movie-tracker/internal/sync/service.go:454.129,456.3 1 1
github.com/movietracker/movie-tracker/internal/sync/service.go:457.2,457.51 1 0
github.com/movietracker/movie-tracker/internal/sync/service.go:466.8,468.16 2 1
github.com/movietracker/movie-tracker/internal/sync/service.go:468.16,470.3 1 0
github.com/movietracker/movie-tracker/internal/sync/service.go:471.2,471.16 1 1
github.com/movietracker/movie-tracker/internal/sync/service.go:471.16,473.3 1 1
github.com/movietracker/movie-tracker/internal/sync/service.go:474.2,474.28 1 1
github.com/movietracker/movie-tracker/internal/sync/service.go:474.28,476.3 1 0
github.com/movietracker/movie-tracker/internal/sync/service.go:477.2,477.86 1 1
github.com/movietracker/movie-tracker/internal/sync/service.go:480.140,482.16 2 1
github.com/movietracker/movie-tracker/internal/sync/service.go:482.16,484.3 1 0
github.com/movietracker/movie-tracker/internal/sync/service.go:485.2,486.16 2 1
github.com/movietracker/movie-tracker/internal/sync/service.go:486.16,488.3 1 0
github.com/movietracker/movie-tracker/internal/sync/service.go:489.2,497.4 1 1
